2023-06-11 14:00:14,085 [INFO] Activator:177 - 


2023-06-11 14:00:14,087 [INFO] Activator:178 - !SESSION log4j initialized
2023-06-11 14:00:29,671 [INFO] McuFinderGlobals:39 - Set McuFinder mode to 2 (CubeIDE integrated)
2023-06-11 14:00:30,399 [INFO] ApplicationProperties:181 - Using Application install path: C:\ST\STM32CubeIDE_1.7.0\STM32CubeIDE\plugins\com.st.stm32cube.common.mx_6.3.0.202107141111
2023-06-11 14:00:30,415 [INFO] DbMcusXml:74 - Set database path to: C:\ST\STM32CubeIDE_1.7.0\STM32CubeIDE\plugins\com.st.stm32cube.common.mx_6.3.0.202107141111\\db\/mcu/
2023-06-11 14:00:30,421 [INFO] DbBoardsPdsc:56 - Set plugin database path to: C:\ST\STM32CubeIDE_1.7.0\STM32CubeIDE\plugins\com.st.stm32cube.common.mx_6.3.0.202107141111\\db\/plugins/boardmanager/
2023-06-11 14:00:30,422 [INFO] DbMcus:258 - Set plugin images path to: C:\ST\STM32CubeIDE_1.7.0\STM32CubeIDE\plugins\com.st.stm32cube.common.mx_6.3.0.202107141111\\db\/plugins/mcufinder/images/
2023-06-11 14:00:30,422 [INFO] DbBoards:264 - Set plugin images path to: C:\ST\STM32CubeIDE_1.7.0\STM32CubeIDE\plugins\com.st.stm32cube.common.mx_6.3.0.202107141111\\db\/plugins/mcufinder/images/
2023-06-11 14:00:30,426 [INFO] DbExamples:333 - Set plugin images path to: C:\ST\STM32CubeIDE_1.7.0\STM32CubeIDE\plugins\com.st.stm32cube.common.mx_6.3.0.202107141111\\db\/plugins/mcufinder/images/
2023-06-11 14:00:30,437 [INFO] DbMcusAds:119 - Set database path to: C:\Users\voids\.stmcufinder\plugins\mcufinder//mcu/
2023-06-11 14:00:30,438 [INFO] DbMcusDocs:110 - Set database path to: C:\Users\voids\.stmcufinder\plugins\mcufinder//mcu/
2023-06-11 14:00:30,441 [INFO] DbMcusJson:64 - Set database path to: C:\Users\voids\.stmcufinder\plugins\mcufinder//mcu/
2023-06-11 14:00:30,442 [INFO] DbBoardsDocs:110 - Set database path to: C:\Users\voids\.stmcufinder\plugins\mcufinder//mcu/
2023-06-11 14:00:30,444 [INFO] DbBoardsJson:57 - Set database path to: C:\Users\voids\.stmcufinder\plugins\mcufinder//mcu/
2023-06-11 14:00:31,503 [INFO] CrossReferenceDbSqlite:196 - Set database path to: C:\Users\voids\.stmcufinder\plugins\mcufinder//mcu/cs/
2023-06-11 14:00:31,515 [INFO] DbExamplesSqlite:767 - Set database path to: C:\Users\voids\.stmcufinder\plugins\mcufinder//mcu/
2023-06-11 14:00:31,650 [INFO] RulesReader:57 - Compatibility file has been processed (242 Rules)
2023-06-11 14:00:31,769 [INFO] DbMcusXml:74 - Set database path to: C:\ST\STM32CubeIDE_1.7.0\STM32CubeIDE\plugins\com.st.stm32cube.common.mx_6.3.0.202107141111\\db\/mcu/
2023-06-11 14:00:31,771 [INFO] DbBoardsPdsc:56 - Set plugin database path to: C:\ST\STM32CubeIDE_1.7.0\STM32CubeIDE\plugins\com.st.stm32cube.common.mx_6.3.0.202107141111\\db\/plugins/boardmanager/
2023-06-11 14:00:31,771 [INFO] DbMcus:258 - Set plugin images path to: C:\ST\STM32CubeIDE_1.7.0\STM32CubeIDE\plugins\com.st.stm32cube.common.mx_6.3.0.202107141111\\db\/plugins/mcufinder/images/
2023-06-11 14:00:31,771 [INFO] DbBoards:264 - Set plugin images path to: C:\ST\STM32CubeIDE_1.7.0\STM32CubeIDE\plugins\com.st.stm32cube.common.mx_6.3.0.202107141111\\db\/plugins/mcufinder/images/
2023-06-11 14:00:31,771 [INFO] DbExamples:333 - Set plugin images path to: C:\ST\STM32CubeIDE_1.7.0\STM32CubeIDE\plugins\com.st.stm32cube.common.mx_6.3.0.202107141111\\db\/plugins/mcufinder/images/
2023-06-11 14:00:31,772 [WARN] DbFile:35 - Overriding database path with different value: C:\Users\voids\.stmcufinder\plugins\mcufinder/ => C:\Users\voids\.stmcufinder\plugins\mcufinder
2023-06-11 14:00:31,772 [INFO] DbMcusAds:119 - Set database path to: C:\Users\voids\.stmcufinder\plugins\mcufinder//mcu/
2023-06-11 14:00:31,772 [WARN] DbFile:35 - Overriding database path with different value: C:\Users\voids\.stmcufinder\plugins\mcufinder/ => C:\Users\voids\.stmcufinder\plugins\mcufinder
2023-06-11 14:00:31,772 [INFO] DbMcusDocs:110 - Set database path to: C:\Users\voids\.stmcufinder\plugins\mcufinder//mcu/
2023-06-11 14:00:31,772 [WARN] DbFile:35 - Overriding database path with different value: C:\Users\voids\.stmcufinder\plugins\mcufinder/ => C:\Users\voids\.stmcufinder\plugins\mcufinder
2023-06-11 14:00:31,772 [INFO] DbMcusJson:64 - Set database path to: C:\Users\voids\.stmcufinder\plugins\mcufinder//mcu/
2023-06-11 14:00:31,773 [WARN] DbFile:35 - Overriding database path with different value: C:\Users\voids\.stmcufinder\plugins\mcufinder/ => C:\Users\voids\.stmcufinder\plugins\mcufinder
2023-06-11 14:00:31,773 [INFO] DbBoardsDocs:110 - Set database path to: C:\Users\voids\.stmcufinder\plugins\mcufinder//mcu/
2023-06-11 14:00:31,773 [WARN] DbFile:35 - Overriding database path with different value: C:\Users\voids\.stmcufinder\plugins\mcufinder/ => C:\Users\voids\.stmcufinder\plugins\mcufinder
2023-06-11 14:00:31,773 [INFO] DbBoardsJson:57 - Set database path to: C:\Users\voids\.stmcufinder\plugins\mcufinder//mcu/
2023-06-11 14:00:31,773 [WARN] DbFile:35 - Overriding database path with different value: C:\Users\voids\.stmcufinder\plugins\mcufinder/ => C:\Users\voids\.stmcufinder\plugins\mcufinder
2023-06-11 14:00:31,773 [WARN] DbFile:35 - Overriding database path with different value: C:\Users\voids\.stmcufinder\plugins\mcufinder/ => C:\Users\voids\.stmcufinder\plugins\mcufinder
2023-06-11 14:00:31,773 [INFO] CrossReferenceDbSqlite:196 - Set database path to: C:\Users\voids\.stmcufinder\plugins\mcufinder//mcu/cs/
2023-06-11 14:00:31,774 [WARN] DbFile:35 - Overriding database path with different value: C:\Users\voids\.stmcufinder\plugins\mcufinder/ => C:\Users\voids\.stmcufinder\plugins\mcufinder
2023-06-11 14:00:31,774 [INFO] DbExamplesSqlite:767 - Set database path to: C:\Users\voids\.stmcufinder\plugins\mcufinder//mcu/
2023-06-11 14:00:31,863 [INFO] MainPanel:214 - HeapMemory: 268435456
2023-06-11 14:00:31,975 [INFO] DbMcusXml:74 - Set database path to: C:\ST\STM32CubeIDE_1.7.0\STM32CubeIDE\plugins\com.st.stm32cube.common.mx_6.3.0.202107141111\\db\/mcu/
2023-06-11 14:00:31,975 [INFO] DbBoardsPdsc:56 - Set plugin database path to: C:\ST\STM32CubeIDE_1.7.0\STM32CubeIDE\plugins\com.st.stm32cube.common.mx_6.3.0.202107141111\\db\/plugins/boardmanager/
2023-06-11 14:00:31,976 [INFO] DbMcus:258 - Set plugin images path to: C:\ST\STM32CubeIDE_1.7.0\STM32CubeIDE\plugins\com.st.stm32cube.common.mx_6.3.0.202107141111\\db\/plugins/mcufinder/images/
2023-06-11 14:00:31,976 [INFO] DbBoards:264 - Set plugin images path to: C:\ST\STM32CubeIDE_1.7.0\STM32CubeIDE\plugins\com.st.stm32cube.common.mx_6.3.0.202107141111\\db\/plugins/mcufinder/images/
2023-06-11 14:00:31,976 [INFO] DbExamples:333 - Set plugin images path to: C:\ST\STM32CubeIDE_1.7.0\STM32CubeIDE\plugins\com.st.stm32cube.common.mx_6.3.0.202107141111\\db\/plugins/mcufinder/images/
2023-06-11 14:00:31,977 [WARN] DbFile:35 - Overriding database path with different value: C:\Users\voids\.stmcufinder\plugins\mcufinder/ => C:\Users\voids\.stmcufinder\plugins\mcufinder
2023-06-11 14:00:31,977 [INFO] DbMcusAds:119 - Set database path to: C:\Users\voids\.stmcufinder\plugins\mcufinder//mcu/
2023-06-11 14:00:31,977 [WARN] DbFile:35 - Overriding database path with different value: C:\Users\voids\.stmcufinder\plugins\mcufinder/ => C:\Users\voids\.stmcufinder\plugins\mcufinder
2023-06-11 14:00:31,978 [INFO] DbMcusDocs:110 - Set database path to: C:\Users\voids\.stmcufinder\plugins\mcufinder//mcu/
2023-06-11 14:00:31,978 [WARN] DbFile:35 - Overriding database path with different value: C:\Users\voids\.stmcufinder\plugins\mcufinder/ => C:\Users\voids\.stmcufinder\plugins\mcufinder
2023-06-11 14:00:31,978 [INFO] DbMcusJson:64 - Set database path to: C:\Users\voids\.stmcufinder\plugins\mcufinder//mcu/
2023-06-11 14:00:31,978 [WARN] DbFile:35 - Overriding database path with different value: C:\Users\voids\.stmcufinder\plugins\mcufinder/ => C:\Users\voids\.stmcufinder\plugins\mcufinder
2023-06-11 14:00:31,978 [INFO] DbBoardsDocs:110 - Set database path to: C:\Users\voids\.stmcufinder\plugins\mcufinder//mcu/
2023-06-11 14:00:31,978 [WARN] DbFile:35 - Overriding database path with different value: C:\Users\voids\.stmcufinder\plugins\mcufinder/ => C:\Users\voids\.stmcufinder\plugins\mcufinder
2023-06-11 14:00:31,979 [INFO] DbBoardsJson:57 - Set database path to: C:\Users\voids\.stmcufinder\plugins\mcufinder//mcu/
2023-06-11 14:00:31,979 [WARN] DbFile:35 - Overriding database path with different value: C:\Users\voids\.stmcufinder\plugins\mcufinder/ => C:\Users\voids\.stmcufinder\plugins\mcufinder
2023-06-11 14:00:31,979 [WARN] DbFile:35 - Overriding database path with different value: C:\Users\voids\.stmcufinder\plugins\mcufinder/ => C:\Users\voids\.stmcufinder\plugins\mcufinder
2023-06-11 14:00:31,979 [INFO] CrossReferenceDbSqlite:196 - Set database path to: C:\Users\voids\.stmcufinder\plugins\mcufinder//mcu/cs/
2023-06-11 14:00:31,979 [WARN] DbFile:35 - Overriding database path with different value: C:\Users\voids\.stmcufinder\plugins\mcufinder/ => C:\Users\voids\.stmcufinder\plugins\mcufinder
2023-06-11 14:00:31,979 [INFO] DbExamplesSqlite:767 - Set database path to: C:\Users\voids\.stmcufinder\plugins\mcufinder//mcu/
2023-06-11 14:00:32,010 [INFO] ApplicationProperties:181 - Using Application install path: C:\ST\STM32CubeIDE_1.7.0\STM32CubeIDE\plugins\com.st.stm32cube.common.mx_6.3.0.202107141111
2023-06-11 14:00:32,012 [INFO] PluginManage:188 - Search for loadable plugins [exclusion list=, ]
2023-06-11 14:00:32,014 [INFO] PluginManage:302 - Check plugin analytics
2023-06-11 14:00:32,279 [INFO] AnalyticsPlugin:257 - Accepted Software Licenses: 
2023-06-11 14:00:32,280 [INFO] AnalyticsPlugin:259 - Accepted CMSIS Pack Licenses: 
2023-06-11 14:00:32,280 [INFO] AnalyticsPlugin:261 - Accepted Firmware Licenses: 
2023-06-11 14:00:32,281 [INFO] PluginManage:352 - Loaded plugin analytics (category:tool,tabindex:-1)
2023-06-11 14:00:32,281 [INFO] PluginManage:302 - Check plugin clock
2023-06-11 14:00:32,309 [INFO] PluginManage:352 - Loaded plugin clock (category:base,tabindex:2)
2023-06-11 14:00:32,309 [INFO] PluginManage:302 - Check plugin ddr
2023-06-11 14:00:32,312 [INFO] PluginManage:352 - Loaded plugin ddr (category:tool,tabindex:6)
2023-06-11 14:00:32,312 [INFO] PluginManage:302 - Check plugin filemanager
2023-06-11 14:00:32,479 [INFO] PluginManage:352 - Loaded plugin filemanager (category:base,tabindex:10)
2023-06-11 14:00:32,480 [INFO] PluginManage:302 - Check plugin ipmanager
2023-06-11 14:00:32,491 [INFO] PluginManage:352 - Loaded plugin ipmanager (category:base,tabindex:5)
2023-06-11 14:00:32,491 [INFO] PluginManage:302 - Check plugin pinoutandconfiguration
2023-06-11 14:00:32,515 [INFO] PluginManage:352 - Loaded plugin pinoutandconfiguration (category:base,tabindex:1)
2023-06-11 14:00:32,515 [INFO] PluginManage:302 - Check plugin pinoutconfig
2023-06-11 14:00:32,564 [INFO] PluginManage:352 - Loaded plugin pinoutconfig (category:base,tabindex:0)
2023-06-11 14:00:32,564 [INFO] PluginManage:302 - Check plugin power
2023-06-11 14:00:32,591 [INFO] PluginManage:352 - Loaded plugin power (category:power,tabindex:4)
2023-06-11 14:00:32,591 [INFO] PluginManage:302 - Check plugin projectmanager
2023-06-11 14:00:32,612 [INFO] PluginManage:352 - Loaded plugin projectmanager (category:projectmanager,tabindex:3)
2023-06-11 14:00:32,612 [INFO] PluginManage:302 - Check plugin thirdparty
2023-06-11 14:00:32,947 [WARN] IntegrityCheckThread:78 - waiting for thirdparty lock release [integrity check]
2023-06-11 14:00:32,948 [INFO] PluginManage:352 - Loaded plugin thirdparty (category:base,tabindex:-1)
2023-06-11 14:00:32,948 [INFO] IntegrityCheckThread:80 - entering critical section [integrity check]
2023-06-11 14:00:32,948 [INFO] PluginManage:302 - Check plugin tools
2023-06-11 14:00:32,949 [INFO] ThirdPartyUpdaterWithRetryManager:66 - Updater plugin not ready yet. [1/15]
2023-06-11 14:00:33,033 [INFO] PluginManage:352 - Loaded plugin tools (category:base,tabindex:7)
2023-06-11 14:00:33,033 [INFO] PluginManage:302 - Check plugin tutovideos
2023-06-11 14:00:33,360 [INFO] PluginManage:352 - Loaded plugin tutovideos (category:base,tabindex:-1)
2023-06-11 14:00:33,360 [INFO] PluginManage:302 - Check plugin updater
2023-06-11 14:00:33,374 [INFO] PluginManage:352 - Loaded plugin updater (category:base,tabindex:12)
2023-06-11 14:00:33,374 [INFO] PluginManage:275 - PluginManage : Loaded plugins [13]
2023-06-11 14:00:33,609 [INFO] PinOutPanel:1463 - setPackage(No Configuration,No Configuration)
2023-06-11 14:00:33,738 [INFO] IPUIPlugin:74 - create IPUIPlugin
2023-06-11 14:00:33,739 [INFO] PluginManager:213 - loadIPPluginJar : add adc
2023-06-11 14:00:33,794 [INFO] IPUIPlugin:74 - create IPUIPlugin
2023-06-11 14:00:33,794 [INFO] PluginManager:213 - loadIPPluginJar : add aes
2023-06-11 14:00:33,859 [INFO] IPUIPlugin:74 - create IPUIPlugin
2023-06-11 14:00:33,859 [INFO] PluginManager:213 - loadIPPluginJar : add can
2023-06-11 14:00:33,900 [INFO] IPUIPlugin:74 - create IPUIPlugin
2023-06-11 14:00:33,901 [INFO] PluginManager:213 - loadIPPluginJar : add comp
2023-06-11 14:00:33,950 [INFO] IPUIPlugin:74 - create IPUIPlugin
2023-06-11 14:00:33,950 [INFO] PluginManager:213 - loadIPPluginJar : add cryp
2023-06-11 14:00:34,003 [INFO] IPUIPlugin:74 - create IPUIPlugin
2023-06-11 14:00:34,003 [INFO] PluginManager:213 - loadIPPluginJar : add dfsdm
2023-06-11 14:00:34,022 [INFO] IPUIPlugin:74 - create IPUIPlugin
2023-06-11 14:00:34,023 [INFO] PluginManager:213 - loadIPPluginJar : add dma
2023-06-11 14:00:34,092 [INFO] IPUIPlugin:74 - create IPUIPlugin
2023-06-11 14:00:34,093 [INFO] PluginManager:213 - loadIPPluginJar : add dma3
2023-06-11 14:00:34,139 [INFO] IPUIPlugin:74 - create IPUIPlugin
2023-06-11 14:00:34,140 [INFO] PluginManager:213 - loadIPPluginJar : add fatfs
2023-06-11 14:00:34,218 [INFO] IPUIPlugin:74 - create IPUIPlugin
2023-06-11 14:00:34,219 [INFO] PluginManager:213 - loadIPPluginJar : add fmc
2023-06-11 14:00:34,247 [INFO] IPUIPlugin:74 - create IPUIPlugin
2023-06-11 14:00:34,247 [INFO] PluginManager:213 - loadIPPluginJar : add freertos
2023-06-11 14:00:34,289 [INFO] IPUIPlugin:74 - create IPUIPlugin
2023-06-11 14:00:34,289 [INFO] PluginManager:213 - loadIPPluginJar : add genericplugin
2023-06-11 14:00:34,420 [INFO] IPUIPlugin:74 - create IPUIPlugin
2023-06-11 14:00:34,420 [INFO] PluginManager:213 - loadIPPluginJar : add gfxmmu
2023-06-11 14:00:34,636 [INFO] IPUIPlugin:74 - create IPUIPlugin
2023-06-11 14:00:34,636 [INFO] PluginManager:213 - loadIPPluginJar : add gic
2023-06-11 14:00:34,654 [INFO] IPUIPlugin:74 - create IPUIPlugin
2023-06-11 14:00:34,654 [INFO] PluginManager:213 - loadIPPluginJar : add gpio
2023-06-11 14:00:34,772 [INFO] IPUIPlugin:74 - create IPUIPlugin
2023-06-11 14:00:34,772 [INFO] PluginManager:213 - loadIPPluginJar : add gtzc
2023-06-11 14:00:34,823 [INFO] IPUIPlugin:74 - create IPUIPlugin
2023-06-11 14:00:34,823 [INFO] PluginManager:213 - loadIPPluginJar : add hash
2023-06-11 14:00:34,981 [INFO] IPUIPlugin:74 - create IPUIPlugin
2023-06-11 14:00:34,982 [INFO] PluginManager:213 - loadIPPluginJar : add i2c
2023-06-11 14:00:35,073 [INFO] IPUIPlugin:74 - create IPUIPlugin
2023-06-11 14:00:35,073 [INFO] PluginManager:213 - loadIPPluginJar : add i2s
2023-06-11 14:00:35,088 [INFO] IPUIPlugin:74 - create IPUIPlugin
2023-06-11 14:00:35,089 [INFO] PluginManager:213 - loadIPPluginJar : add ipddr
2023-06-11 14:00:35,280 [INFO] IPUIPlugin:74 - create IPUIPlugin
2023-06-11 14:00:35,280 [INFO] PluginManager:213 - loadIPPluginJar : add linkedlist
2023-06-11 14:00:35,342 [INFO] IPUIPlugin:74 - create IPUIPlugin
2023-06-11 14:00:35,342 [INFO] PluginManager:213 - loadIPPluginJar : add lorawan
2023-06-11 14:00:35,411 [INFO] IPUIPlugin:74 - create IPUIPlugin
2023-06-11 14:00:35,412 [INFO] PluginManager:213 - loadIPPluginJar : add ltdc
2023-06-11 14:00:35,433 [INFO] IPUIPlugin:74 - create IPUIPlugin
2023-06-11 14:00:35,436 [INFO] PluginManager:213 - loadIPPluginJar : add mdma
2023-06-11 14:00:35,456 [INFO] IPUIPlugin:74 - create IPUIPlugin
2023-06-11 14:00:35,456 [INFO] PluginManager:213 - loadIPPluginJar : add nvic
2023-06-11 14:00:35,520 [INFO] IPUIPlugin:74 - create IPUIPlugin
2023-06-11 14:00:35,521 [INFO] PluginManager:213 - loadIPPluginJar : add opamp
2023-06-11 14:00:35,626 [INFO] IPUIPlugin:74 - create IPUIPlugin
2023-06-11 14:00:35,627 [INFO] PluginManager:213 - loadIPPluginJar : add openamp
2023-06-11 14:00:35,702 [INFO] IPUIPlugin:74 - create IPUIPlugin
2023-06-11 14:00:35,702 [INFO] PluginManager:213 - loadIPPluginJar : add pdm2pcm
2023-06-11 14:00:35,724 [INFO] IPUIPlugin:74 - create IPUIPlugin
2023-06-11 14:00:35,728 [INFO] PluginManager:213 - loadIPPluginJar : add plateformsettings
2023-06-11 14:00:35,769 [INFO] IPUIPlugin:74 - create IPUIPlugin
2023-06-11 14:00:35,769 [INFO] PluginManager:213 - loadIPPluginJar : add quadspi
2023-06-11 14:00:35,786 [INFO] IPUIPlugin:74 - create IPUIPlugin
2023-06-11 14:00:35,786 [INFO] PluginManager:213 - loadIPPluginJar : add resmgrutility
2023-06-11 14:00:35,877 [INFO] IPUIPlugin:74 - create IPUIPlugin
2023-06-11 14:00:35,878 [INFO] PluginManager:213 - loadIPPluginJar : add sai
2023-06-11 14:00:35,950 [INFO] ThirdPartyUpdaterWithRetryManager:66 - Updater plugin not ready yet. [2/15]
2023-06-11 14:00:35,970 [INFO] IPUIPlugin:74 - create IPUIPlugin
2023-06-11 14:00:35,970 [INFO] PluginManager:213 - loadIPPluginJar : add spi
2023-06-11 14:00:36,063 [INFO] IPUIPlugin:74 - create IPUIPlugin
2023-06-11 14:00:36,063 [INFO] PluginManager:213 - loadIPPluginJar : add stm32_wpan
2023-06-11 14:00:36,115 [INFO] IPUIPlugin:74 - create IPUIPlugin
2023-06-11 14:00:36,116 [INFO] PluginManager:213 - loadIPPluginJar : add tim
2023-06-11 14:00:36,231 [INFO] IPUIPlugin:74 - create IPUIPlugin
2023-06-11 14:00:36,232 [INFO] PluginManager:213 - loadIPPluginJar : add touchsensing
2023-06-11 14:00:36,281 [INFO] IPUIPlugin:74 - create IPUIPlugin
2023-06-11 14:00:36,282 [INFO] PluginManager:213 - loadIPPluginJar : add tracer_emb
2023-06-11 14:00:36,327 [INFO] IPUIPlugin:74 - create IPUIPlugin
2023-06-11 14:00:36,327 [INFO] PluginManager:213 - loadIPPluginJar : add ts
2023-06-11 14:00:36,367 [INFO] IPUIPlugin:74 - create IPUIPlugin
2023-06-11 14:00:36,367 [INFO] PluginManager:213 - loadIPPluginJar : add tsc
2023-06-11 14:00:36,407 [INFO] IPUIPlugin:74 - create IPUIPlugin
2023-06-11 14:00:36,407 [INFO] PluginManager:213 - loadIPPluginJar : add ucpd
2023-06-11 14:00:36,489 [INFO] IPUIPlugin:74 - create IPUIPlugin
2023-06-11 14:00:36,489 [INFO] PluginManager:213 - loadIPPluginJar : add usart
2023-06-11 14:00:36,564 [INFO] IPUIPlugin:74 - create IPUIPlugin
2023-06-11 14:00:36,564 [INFO] PluginManager:213 - loadIPPluginJar : add usbx
2023-06-11 14:00:36,981 [FATAL] Updater:294 - Updater called before beeing initialized
2023-06-11 14:00:37,132 [FATAL] Updater:294 - Updater called before beeing initialized
2023-06-11 14:00:37,145 [INFO] DbMcusAds:47 - JSON generation date=Tue Mar 07 03:50:54 EST 2023 (1678179054945)
2023-06-11 14:00:37,145 [FATAL] Updater:294 - Updater called before beeing initialized
2023-06-11 14:00:37,309 [WARN] DetailPanel:314 - Failed to get advertising image, set to default
2023-06-11 14:00:37,445 [FATAL] Updater:294 - Updater called before beeing initialized
2023-06-11 14:00:37,449 [FATAL] Updater:294 - Updater called before beeing initialized
2023-06-11 14:00:37,449 [FATAL] Updater:294 - Updater called before beeing initialized
2023-06-11 14:00:37,449 [WARN] DetailPanel:314 - Failed to get advertising image, set to default
2023-06-11 14:00:37,451 [FATAL] Updater:294 - Updater called before beeing initialized
2023-06-11 14:00:37,528 [ERROR] Updater:1075 - MainUpdater not yet initialized. External WinMGr cannot be set.
2023-06-11 14:00:37,540 [INFO] Updater:1012 - Updater Version found : 6.3.0
2023-06-11 14:00:37,566 [INFO] ApplicationProperties:181 - Using Application install path: C:\ST\STM32CubeIDE_1.7.0\STM32CubeIDE\plugins\com.st.stm32cube.common.mx_6.3.0.202107141111
2023-06-11 14:00:38,966 [INFO] ThirdPartyUpdaterWithRetryManager:66 - Updater plugin not ready yet. [3/15]
2023-06-11 14:00:39,116 [INFO] MainUpdater:2671 - connection check result : 10
2023-06-11 14:00:39,117 [INFO] MainUpdater:3359 - Updater definition file requires update
2023-06-11 14:00:39,120 [INFO] MainUpdater:265 - Updater Check For Update Now.
2023-06-11 14:00:39,120 [INFO] MicroXplorer:478 - Change Database Version : DB.6.0.30
2023-06-11 14:00:39,467 [INFO] ServerAccessManage:362 - Download File updaters.zip
2023-06-11 14:00:39,593 [INFO] FileExtend:235 - Unzip File : updaters.zip
2023-06-11 14:00:39,594 [INFO] FileExtend:250 - Standard Zip Deflate
2023-06-11 14:00:40,711 [INFO] ServerAccessManage:362 - Download File PacksControlFlags.xml
2023-06-11 14:00:41,088 [INFO] ServerAccessManage:362 - Download File cubemx.pidx
2023-06-11 14:00:41,974 [WARN] MainUpdater:1122 - Updater busy. Cannot search thirdparties
2023-06-11 14:00:41,974 [INFO] ThirdPartyUpdaterWithRetryManager:92 - Updater plugin is busy. [1/15]
2023-06-11 14:00:43,521 [INFO] ServerAccessManage:362 - Download File STMicroelectronics.X-CUBE-AZRTOS-WL.pdsc
2023-06-11 14:00:44,367 [INFO] LogOutputStream:76 - [STDOUT_REDIRECT] 1 : Invalid condition id : UX_CORESTACK_Condition cause : null
2023-06-11 14:00:44,369 [INFO] LogOutputStream:76 - [STDOUT_REDIRECT] 1 : Invalid condition id : UX_CORESTACK_Condition cause : null
2023-06-11 14:00:44,372 [INFO] LogOutputStream:76 - [STDOUT_REDIRECT] 1 : Invalid condition id : UX_CORESTACK_Condition cause : null
2023-06-11 14:00:44,375 [INFO] LogOutputStream:76 - [STDOUT_REDIRECT] 1 : Invalid condition id : UX_CORESTACK_Condition cause : null
2023-06-11 14:00:44,377 [INFO] LogOutputStream:76 - [STDOUT_REDIRECT] 1 : Invalid condition id : UX_CORESTACK_Condition cause : null
2023-06-11 14:00:44,397 [WARN] PackLoader:238 - Cannot read IP mode file for STMicroelectronics.X-CUBE-AZRTOS-WL.2.0.0
2023-06-11 14:00:44,408 [INFO] PopulateThirdPartyThread:60 - Ending populate Thread
2023-06-11 14:00:44,410 [INFO] ThirdParty:967 - CMSIS Pack Vendor :STMicroelectronics X-CUBE-AZRTOS-WL 2.0.0
2023-06-11 14:00:44,411 [INFO] LoadServerUpdatesThread:339 - End of LoadServerUpdate Thread
2023-06-11 14:00:44,514 [INFO] CheckServerUpdateThread:112 - End of CheckServer Thread
2023-06-11 14:00:44,620 [INFO] MainUpdater:2671 - connection check result : 10
2023-06-11 14:00:44,669 [INFO] McuFinderGlobals:52 - Set McuFinderConnectedMode to true
2023-06-11 14:00:44,951 [INFO] ServerAccessManage:362 - Download File mcusAds.json._tmp_
2023-06-11 14:00:44,982 [WARN] MainUpdater:1122 - Updater busy. Cannot search thirdparties
2023-06-11 14:00:44,982 [INFO] ThirdPartyUpdaterWithRetryManager:92 - Updater plugin is busy. [2/15]
2023-06-11 14:00:45,087 [INFO] LoadUrlFilesThread:145 - End of LoadUrlFiles Thread
2023-06-11 14:00:46,625 [INFO] ServerAccessManage:362 - Download File mcusDocs.json._tmp_
2023-06-11 14:00:47,022 [INFO] LoadUrlFilesThread:145 - End of LoadUrlFiles Thread
2023-06-11 14:00:47,275 [INFO] ServerAccessManage:362 - Download File mcusFeaturesAndDescription.json._tmp_
2023-06-11 14:00:47,988 [WARN] MainUpdater:1122 - Updater busy. Cannot search thirdparties
2023-06-11 14:00:47,988 [INFO] ThirdPartyUpdaterWithRetryManager:92 - Updater plugin is busy. [3/15]
2023-06-11 14:00:49,208 [INFO] LoadUrlFilesThread:145 - End of LoadUrlFiles Thread
2023-06-11 14:00:49,793 [INFO] ServerAccessManage:362 - Download File boardsDocs.json._tmp_
2023-06-11 14:00:49,951 [INFO] LoadUrlFilesThread:145 - End of LoadUrlFiles Thread
2023-06-11 14:00:50,528 [INFO] ServerAccessManage:362 - Download File boards.json._tmp_
2023-06-11 14:00:50,958 [INFO] LoadUrlFilesThread:145 - End of LoadUrlFiles Thread
2023-06-11 14:00:51,001 [WARN] MainUpdater:1122 - Updater busy. Cannot search thirdparties
2023-06-11 14:00:51,001 [INFO] ThirdPartyUpdaterWithRetryManager:92 - Updater plugin is busy. [4/15]
2023-06-11 14:00:51,639 [INFO] ServerAccessManage:362 - Download File cube-finder-db.zip
2023-06-11 14:00:54,016 [WARN] MainUpdater:1122 - Updater busy. Cannot search thirdparties
2023-06-11 14:00:54,016 [INFO] ThirdPartyUpdaterWithRetryManager:92 - Updater plugin is busy. [5/15]
2023-06-11 14:00:57,027 [WARN] MainUpdater:1122 - Updater busy. Cannot search thirdparties
2023-06-11 14:00:57,028 [INFO] ThirdPartyUpdaterWithRetryManager:92 - Updater plugin is busy. [6/15]
2023-06-11 14:00:57,407 [INFO] FileExtend:235 - Unzip File : cube-finder-db.zip
2023-06-11 14:00:57,408 [INFO] FileExtend:250 - Standard Zip Deflate
2023-06-11 14:00:59,543 [INFO] LoadUrlFilesThread:145 - End of LoadUrlFiles Thread
2023-06-11 14:01:00,061 [WARN] MainUpdater:1122 - Updater busy. Cannot search thirdparties
2023-06-11 14:01:00,061 [INFO] ThirdPartyUpdaterWithRetryManager:92 - Updater plugin is busy. [7/15]
2023-06-11 14:01:01,210 [INFO] ServerAccessManage:362 - Download File crdb.zip
2023-06-11 14:01:02,172 [INFO] FileExtend:235 - Unzip File : crdb.zip
2023-06-11 14:01:02,172 [INFO] FileExtend:250 - Standard Zip Deflate
2023-06-11 14:01:02,403 [INFO] LoadUrlFilesThread:145 - End of LoadUrlFiles Thread
2023-06-11 14:01:02,698 [INFO] ServerAccessManage:362 - Download File tutoVideoDB.zip
2023-06-11 14:01:02,765 [INFO] FileExtend:235 - Unzip File : tutoVideoDB.zip
2023-06-11 14:01:02,765 [INFO] FileExtend:250 - Standard Zip Deflate
2023-06-11 14:01:02,903 [INFO] LoadUrlFilesThread:145 - End of LoadUrlFiles Thread
2023-06-11 14:01:02,905 [INFO] DbMcusAds:47 - JSON generation date=Tue Mar 07 03:50:55 EST 2023 (1678179055335)
2023-06-11 14:01:02,958 [INFO] DbMcusDocs:143 - JSON generation date=Tue Nov 16 11:17:54 EST 2021 (1637079474)
2023-06-11 14:01:02,960 [INFO] DbMcusXml:100 - Load MCU database from C:\ST\STM32CubeIDE_1.7.0\STM32CubeIDE\plugins\com.st.stm32cube.common.mx_6.3.0.202107141111\\db\/mcu/families.xml
2023-06-11 14:01:03,747 [WARN] PackLoader:238 - Cannot read IP mode file for STMicroelectronics.X-CUBE-GNSS1.6.0.0
2023-06-11 14:01:03,845 [WARN] PackLoader:238 - Cannot read IP mode file for STMicroelectronics.X-CUBE-AZRTOS-F4.1.1.0
2023-06-11 14:01:03,882 [ERROR] Engine:463 - C:\Users\voids\.stm32cubemx\thirdparties\pdsc\STMicroelectronics.X-CUBE-SMBUS.2.1.0.pdsc: PDSC version is not supported
2023-06-11 14:01:04,022 [WARN] PackLoader:238 - Cannot read IP mode file for STMicroelectronics.X-CUBE-AZRTOS-F7.1.1.0
2023-06-11 14:01:04,430 [WARN] PackLoader:238 - Cannot read IP mode file for STMicroelectronics.X-CUBE-MEMS1.9.6.0
2023-06-11 14:01:05,216 [ERROR] Engine:463 - C:\Users\voids\.stm32cubemx\thirdparties\pdsc\STMicroelectronics.FP-SNS-MOTENV1.4.3.0.pdsc: PDSC version is not supported
2023-06-11 14:01:05,235 [ERROR] Engine:463 - C:\Users\voids\.stm32cubemx\thirdparties\pdsc\STMicroelectronics.FP-SNS-FLIGHT1.5.0.0.pdsc: PDSC version is not supported
2023-06-11 14:01:05,253 [ERROR] Engine:463 - C:\Users\voids\.stm32cubemx\thirdparties\pdsc\STMicroelectronics.FP-SNS-MOTENV1.4.3.1.pdsc: PDSC version is not supported
2023-06-11 14:01:05,260 [ERROR] Engine:463 - C:\Users\voids\.stm32cubemx\thirdparties\pdsc\STMicroelectronics.FP-SNS-FLIGHT1.5.0.1.pdsc: PDSC version is not supported
2023-06-11 14:01:05,285 [WARN] PackLoader:238 - Cannot read IP mode file for STMicroelectronics.X-CUBE-BLE1.6.2.4
2023-06-11 14:01:05,318 [WARN] PackLoader:238 - Cannot read IP mode file for emotas.I-CUBE-CANOPEN.1.1.3
2023-06-11 14:01:05,358 [WARN] PackLoader:238 - Cannot read IP mode file for STMicroelectronics.X-CUBE-BLEMGR.2.0.0
2023-06-11 14:01:05,442 [WARN] PackLoader:238 - Cannot read IP mode file for STMicroelectronics.X-CUBE-BLE1.6.2.1
2023-06-11 14:01:05,526 [WARN] PackLoader:238 - Cannot read IP mode file for STMicroelectronics.X-CUBE-NFC4.2.0.5
2023-06-11 14:01:05,595 [WARN] PackLoader:238 - Cannot read IP mode file for STMicroelectronics.X-CUBE-BLE2.3.2.1
2023-06-11 14:01:05,658 [WARN] PackLoader:238 - Cannot read IP mode file for STMicroelectronics.X-CUBE-NFC4.2.0.3
2023-06-11 14:01:05,730 [WARN] PackLoader:238 - Cannot read IP mode file for wolfSSL.I-CUBE-wolfSSL.4.8.0
2023-06-11 14:01:05,916 [WARN] ConditionMgr:437 - getConditionDescription Invalid condition id : UX DEVICE CLASS RTOS Condition cause : null
2023-06-11 14:01:05,917 [WARN] ConditionMgr:437 - getConditionDescription Invalid condition id : UX DEVICE CLASS RTOS Condition cause : null
2023-06-11 14:01:05,924 [WARN] PackLoader:238 - Cannot read IP mode file for STMicroelectronics.X-CUBE-AZRTOS-H7.3.1.0
2023-06-11 14:01:05,926 [WARN] ConditionMgr:1038 - genDependencies : Invalid condition id : UX DEVICE CLASS RTOS Condition cause : null
2023-06-11 14:01:05,926 [WARN] ConditionMgr:1038 - genDependencies : Invalid condition id : UX DEVICE CLASS RTOS Condition cause : null
2023-06-11 14:01:05,928 [WARN] ConditionMgr:1038 - genDependencies : Invalid condition id : UX DEVICE CLASS RTOS Condition cause : null
2023-06-11 14:01:05,928 [WARN] ConditionMgr:1038 - genDependencies : Invalid condition id : UX DEVICE CLASS RTOS Condition cause : null
2023-06-11 14:01:05,928 [WARN] ConditionMgr:1038 - genDependencies : Invalid condition id : UX DEVICE CLASS RTOS Condition cause : null
2023-06-11 14:01:05,974 [WARN] PackLoader:238 - Cannot read IP mode file for STMicroelectronics.X-CUBE-SFXS2LP1.3.1.0
2023-06-11 14:01:05,980 [INFO] DbMcusJson:93 - JSON generation date=Tue Nov 16 11:17:54 EST 2021 (1637079474)
2023-06-11 14:01:06,022 [ERROR] Engine:463 - C:\Users\voids\.stm32cubemx\thirdparties\pdsc\STMicroelectronics.X-CUBE-DISPLAY.3.0.0.pdsc: PDSC version is not supported
2023-06-11 14:01:06,136 [WARN] PackLoader:238 - Cannot read IP mode file for STMicroelectronics.X-CUBE-AZRTOS-F4.1.0.0
2023-06-11 14:01:06,169 [WARN] PackLoader:238 - Cannot read IP mode file for STMicroelectronics.X-CUBE-TOF1.2.0.0
2023-06-11 14:01:06,203 [WARN] PackLoader:238 - Cannot read IP mode file for STMicroelectronics.X-CUBE-NFC7.1.0.0
2023-06-11 14:01:06,285 [WARN] PackLoader:238 - Cannot read IP mode file for STMicroelectronics.X-CUBE-SUBG2.4.2.0
2023-06-11 14:01:06,324 [INFO] LogOutputStream:76 - [STDOUT_REDIRECT] 1 : Invalid condition id : UX_CORESTACK_Condition cause : null
2023-06-11 14:01:06,326 [INFO] LogOutputStream:76 - [STDOUT_REDIRECT] 1 : Invalid condition id : UX_CORESTACK_Condition cause : null
2023-06-11 14:01:06,329 [INFO] LogOutputStream:76 - [STDOUT_REDIRECT] 1 : Invalid condition id : UX_CORESTACK_Condition cause : null
2023-06-11 14:01:06,332 [INFO] LogOutputStream:76 - [STDOUT_REDIRECT] 1 : Invalid condition id : UX_CORESTACK_Condition cause : null
2023-06-11 14:01:06,335 [INFO] LogOutputStream:76 - [STDOUT_REDIRECT] 1 : Invalid condition id : UX_CORESTACK_Condition cause : null
2023-06-11 14:01:06,344 [WARN] PackLoader:238 - Cannot read IP mode file for STMicroelectronics.X-CUBE-AZRTOS-WL.2.0.0
2023-06-11 14:01:06,378 [WARN] PackLoader:238 - Cannot read IP mode file for STMicroelectronics.X-CUBE-ALGOBUILD.1.2.1
2023-06-11 14:01:06,398 [WARN] PackLoader:238 - Cannot read IP mode file for STMicroelectronics.X-CUBE-DISPLAY.1.0.0
2023-06-11 14:01:06,559 [WARN] ConditionMgr:437 - getConditionDescription Invalid condition id : LAN8742 Phy interface Condition cause : null
2023-06-11 14:01:06,561 [WARN] PackLoader:238 - Cannot read IP mode file for STMicroelectronics.X-CUBE-AZRTOS-L4.2.0.0
2023-06-11 14:01:06,568 [WARN] ConditionMgr:1038 - genDependencies : Invalid condition id : LAN8742 Phy interface Condition cause : null
2023-06-11 14:01:06,568 [WARN] ConditionMgr:1038 - genDependencies : Invalid condition id : LAN8742 Phy interface Condition cause : null
2023-06-11 14:01:06,570 [WARN] ConditionMgr:1038 - genDependencies : Invalid condition id : LAN8742 Phy interface Condition cause : null
2023-06-11 14:01:06,609 [WARN] PackLoader:238 - Cannot read IP mode file for WES.I-CUBE-Cesium.1.3.0
2023-06-11 14:01:06,639 [WARN] PackLoader:238 - Cannot read IP mode file for STMicroelectronics.X-CUBE-SFXS2LP1.4.0.0
2023-06-11 14:01:06,685 [WARN] PackLoader:238 - Cannot read IP mode file for STMicroelectronics.X-CUBE-BLE2.3.3.0
2023-06-11 14:01:06,721 [WARN] PackLoader:238 - Cannot read IP mode file for STMicroelectronics.X-CUBE-DISPLAY.2.2.0
2023-06-11 14:01:06,789 [WARN] PackLoader:238 - Cannot read IP mode file for STMicroelectronics.X-CUBE-TOF1.3.2.0
2023-06-11 14:01:06,923 [WARN] PackLoader:238 - Cannot read IP mode file for STMicroelectronics.X-CUBE-AZRTOS-H7.3.0.0
2023-06-11 14:01:06,978 [WARN] PackLoader:238 - Cannot read IP mode file for STMicroelectronics.X-CUBE-ISPU.1.1.0
2023-06-11 14:01:07,018 [WARN] PackLoader:238 - Cannot read IP mode file for RoweBots.I-CUBE-UNISONRTOS.5.5.0-4
2023-06-11 14:01:07,105 [WARN] PackLoader:238 - Cannot read IP mode file for STMicroelectronics.X-CUBE-AZRTOS-H7.2.1.0
2023-06-11 14:01:07,290 [WARN] PackLoader:238 - Cannot read IP mode file for STMicroelectronics.X-CUBE-AI.8.0.0
2023-06-11 14:01:07,307 [ERROR] Engine:463 - C:\Users\voids\.stm32cubemx\thirdparties\pdsc\STMicroelectronics.X-CUBE-FREERTOS.1.0.0.pdsc: PDSC version is not supported
2023-06-11 14:01:07,322 [ERROR] Engine:463 - C:\Users\voids\.stm32cubemx\thirdparties\pdsc\STMicroelectronics.X-CUBE-FREERTOS.1.0.1.pdsc: PDSC version is not supported
2023-06-11 14:01:07,343 [WARN] PackLoader:238 - Cannot read IP mode file for STMicroelectronics.X-CUBE-TOUCHGFX.4.21.1
2023-06-11 14:01:07,436 [WARN] PackLoader:238 - Cannot read IP mode file for STMicroelectronics.X-CUBE-TOUCHGFX.4.21.0
2023-06-11 14:01:07,465 [WARN] PackLoader:238 - Cannot read IP mode file for STMicroelectronics.X-CUBE-TOUCHGFX.4.21.3
2023-06-11 14:01:07,577 [WARN] PackLoader:238 - Cannot read IP mode file for STMicroelectronics.X-CUBE-MEMS1.9.0.0
2023-06-11 14:01:08,054 [WARN] PackLoader:238 - Cannot read IP mode file for STMicroelectronics.X-CUBE-TOUCHGFX.4.21.4
2023-06-11 14:01:08,062 [INFO] DbMcus:175 - Found 1951 MCUs (1903 are supported by CubeMX, 1914 are visible in CubeMX)
2023-06-11 14:01:08,072 [INFO] ApiDb:251 - Load user favorites file C:\Users\voids/.stm32cubeide/favorites.mcus.txt: 1 item(s)
2023-06-11 14:01:08,072 [INFO] ApiDb:255 - User favorites MCUs=[STM32L010F4Px]
2023-06-11 14:01:08,073 [INFO] DbMcus:187 - Set 1 / 1 favorites MCUs
2023-06-11 14:01:08,570 [WARN] PackLoader:238 - Cannot read IP mode file for STMicroelectronics.X-CUBE-MEMS1.9.4.0
2023-06-11 14:01:09,068 [WARN] PackLoader:238 - Cannot read IP mode file for STMicroelectronics.X-CUBE-AI.7.3.0
2023-06-11 14:01:09,090 [WARN] PackLoader:238 - Cannot read IP mode file for STMicroelectronics.X-CUBE-ALGOBUILD.1.3.0
2023-06-11 14:01:09,143 [WARN] PackLoader:238 - Cannot read IP mode file for STMicroelectronics.X-CUBE-AZRTOS-L5.1.1.0
2023-06-11 14:01:09,206 [WARN] PackLoader:238 - Cannot read IP mode file for STMicroelectronics.X-CUBE-AZRTOS-G0.1.1.0
2023-06-11 14:01:09,236 [WARN] PackLoader:238 - Cannot read IP mode file for STMicroelectronics.X-CUBE-AI.8.0.1
2023-06-11 14:01:09,273 [WARN] PackLoader:238 - Cannot read IP mode file for STMicroelectronics.X-CUBE-SUBG2.5.0.0
2023-06-11 14:01:09,305 [WARN] PackLoader:238 - Cannot read IP mode file for STMicroelectronics.X-CUBE-NFC4.3.0.0
2023-06-11 14:01:09,389 [WARN] PackLoader:238 - Cannot read IP mode file for SEGGER.I-CUBE-embOS.1.2.0
2023-06-11 14:01:09,535 [WARN] PackLoader:238 - Cannot read IP mode file for STMicroelectronics.X-CUBE-AZRTOS-G4.2.0.0
2023-06-11 14:01:09,565 [INFO] DbMcusDocs:79 - Found 682 MCUs documents
2023-06-11 14:01:09,568 [INFO] ApiDb:276 - Save user favorites file C:\Users\voids/.stm32cubeide/favorites.mcus.txt: 1 item(s)
2023-06-11 14:01:09,568 [INFO] ApiDb:280 - User favorites MCUs=[STM32L010F4Px]
2023-06-11 14:01:09,569 [WARN] PackLoader:238 - Cannot read IP mode file for STMicroelectronics.X-CUBE-TOUCHGFX.4.17.0
2023-06-11 14:01:09,569 [INFO] DbMcusXml:100 - Load MCU database from C:\ST\STM32CubeIDE_1.7.0\STM32CubeIDE\plugins\com.st.stm32cube.common.mx_6.3.0.202107141111\\db\/mcu/families.xml
2023-06-11 14:01:09,611 [WARN] PackLoader:238 - Cannot read IP mode file for STMicroelectronics.X-CUBE-TOF1.3.3.0
2023-06-11 14:01:09,657 [WARN] PackLoader:238 - Cannot read IP mode file for STMicroelectronics.FP-ATR-ASTRA1.1.1.1
2023-06-11 14:01:09,683 [WARN] PackLoader:238 - Cannot read IP mode file for STMicroelectronics.X-CUBE-BLEMGR.1.3.0
2023-06-11 14:01:09,749 [WARN] PackLoader:238 - Cannot read IP mode file for STMicroelectronics.X-CUBE-AZRTOS-H7.2.0.0
2023-06-11 14:01:09,814 [WARN] PackLoader:238 - Cannot read IP mode file for STMicroelectronics.X-CUBE-AZRTOS-G4.1.0.0
2023-06-11 14:01:09,841 [WARN] PackLoader:238 - Cannot read IP mode file for STMicroelectronics.FP-ATR-SIGFOX1.3.2.0
2023-06-11 14:01:09,914 [WARN] PackLoader:238 - Cannot read IP mode file for STMicroelectronics.X-CUBE-AZRTOS-L4.1.0.0
2023-06-11 14:01:09,935 [WARN] PackLoader:238 - Cannot read IP mode file for STMicroelectronics.X-CUBE-TOUCHGFX.4.20.0
2023-06-11 14:01:09,975 [WARN] PackLoader:238 - Cannot read IP mode file for STMicroelectronics.X-CUBE-AZRTOS-WL.1.0.0
2023-06-11 14:01:10,000 [WARN] PackLoader:238 - Cannot read IP mode file for portGmbH.I-Cube-SoM-uGOAL.1.1.0
2023-06-11 14:01:10,022 [WARN] PackLoader:238 - Cannot read IP mode file for STMicroelectronics.X-CUBE-ALS.1.0.1
2023-06-11 14:01:10,256 [WARN] PackLoader:238 - Cannot read IP mode file for STMicroelectronics.X-CUBE-MEMS1.9.5.0
2023-06-11 14:01:10,705 [WARN] PackLoader:238 - Cannot read IP mode file for STMicroelectronics.X-CUBE-AI.7.0.0
2023-06-11 14:01:10,748 [WARN] PackLoader:238 - Cannot read IP mode file for STMicroelectronics.X-CUBE-AZRTOS-WB.1.1.0
2023-06-11 14:01:10,876 [WARN] PackLoader:238 - Cannot read IP mode file for SEGGER.I-CUBE-embOS.1.3.1
2023-06-11 14:01:10,997 [WARN] PackLoader:238 - Cannot read IP mode file for STMicroelectronics.X-CUBE-EEPRMA1.3.1.0
2023-06-11 14:01:11,016 [WARN] PackLoader:238 - Cannot read IP mode file for STMicroelectronics.X-CUBE-EEPRMA1.3.1.1
2023-06-11 14:01:11,036 [WARN] PackLoader:238 - Cannot read IP mode file for STMicroelectronics.X-CUBE-GNSS1.5.2.0
2023-06-11 14:01:11,043 [WARN] PackLoader:238 - Cannot read IP mode file for STMicroelectronics.FP-ATR-ASTRA1.2.0.0
2023-06-11 14:01:11,044 [INFO] ThirdParty:915 - Integrity check success = true
2023-06-11 14:01:11,044 [INFO] IntegrityCheckThread:94 - exiting critical section [integrity check]
2023-06-11 14:01:11,044 [INFO] IntegrityCheckThread:97 - End integrity checks thread
2023-06-11 14:01:11,123 [INFO] DbMcusJson:93 - JSON generation date=Tue Nov 16 11:17:54 EST 2021 (1637079474)
2023-06-11 14:01:12,325 [INFO] DbMcus:175 - Found 1951 MCUs (1903 are supported by CubeMX, 1914 are visible in CubeMX)
2023-06-11 14:01:12,325 [INFO] ApiDb:251 - Load user favorites file C:\Users\voids/.stm32cubeide/favorites.mcus.txt: 1 item(s)
2023-06-11 14:01:12,325 [INFO] ApiDb:255 - User favorites MCUs=[STM32L010F4Px]
2023-06-11 14:01:12,326 [INFO] DbMcus:187 - Set 1 / 1 favorites MCUs
2023-06-11 14:01:12,337 [INFO] DbBoardsDocs:143 - JSON generation date=Tue Nov 16 11:17:54 EST 2021 (1637079474)
2023-06-11 14:01:12,368 [INFO] DbBoardsPdsc:90 - Found 25 items
2023-06-11 14:01:12,381 [INFO] DbBoardsPdsc:90 - Found 9 items
2023-06-11 14:01:12,396 [INFO] DbBoardsPdsc:90 - Found 33 items
2023-06-11 14:01:12,406 [INFO] DbBoardsPdsc:90 - Found 1 items
2023-06-11 14:01:12,425 [INFO] DbBoardsPdsc:90 - Found 48 items
2023-06-11 14:01:12,445 [INFO] DbBoardsPdsc:90 - Found 43 items
2023-06-11 14:01:12,456 [INFO] DbBoardsPdsc:90 - Found 2 items
2023-06-11 14:01:12,467 [INFO] DbBoardsPdsc:90 - Found 5 items
2023-06-11 14:01:12,472 [WARN] DbBoardsPdsc:254 - Board STM32H7B3I-DK: unknown feature type=Audio, name=, username=Audio stereo codec with Headphone Amp (CS42L51-CNZ), n=1
2023-06-11 14:01:12,473 [WARN] DbBoardsPdsc:254 - Board STM32H735G-DK: unknown feature type=Audio, name=, username=Audio stereo codec with Headphone Amp (WM8994ECS/R), n=1
2023-06-11 14:01:12,474 [WARN] DbBoardsPdsc:254 - Board STM32H7B3I-EVAL: unknown feature type=Audio, name=, username=Multi-Channel Audio Codec (CS42L51-CNZ), n=1
2023-06-11 14:01:12,475 [WARN] DbBoardsPdsc:254 - Board STM32H7B3I-EVAL: unknown feature type=Meter, name=, username=Power-metering and Temperature-monitoring with sigma-delta modulators, n=1
2023-06-11 14:01:12,475 [WARN] DbBoardsPdsc:254 - Board STM32H7B3I-EVAL: unknown feature type=Motor, name=, username=Motor Control, n=1
2023-06-11 14:01:12,475 [WARN] DbBoardsPdsc:254 - Board STM32U575I-EV: unknown feature type=joystick, name=, username=4-direction joystick with selection button, n=1
2023-06-11 14:01:12,500 [INFO] DbBoardsJson:86 - JSON generation date=Tue Nov 16 11:17:54 EST 2021 (1637079474)
2023-06-11 14:01:12,508 [INFO] DbBoards:117 - Found 167 boards (163 are supported by CubeMX)
2023-06-11 14:01:12,511 [INFO] DbBoardsDocs:143 - JSON generation date=Tue Nov 16 11:17:54 EST 2021 (1637079474)
2023-06-11 14:01:12,516 [INFO] DbBoardsDocs:79 - Found 209 boards documents
2023-06-11 14:01:12,518 [WARN] DbBoards:127 - board B-L475E-IOT01A2 has no document id list !
2023-06-11 14:01:12,519 [WARN] DbBoards:127 - board NUCLEO-H743ZI has no document id list !
2023-06-11 14:01:12,520 [WARN] DbBoards:127 - board NUCLEO-WL55JC2 has no document id list !
2023-06-11 14:01:12,521 [WARN] DbBoards:127 - board P-NUCLEO-WB55-Nucleo has no document id list !
2023-06-11 14:01:12,521 [WARN] DbBoards:127 - board P-NUCLEO-WB55-USBDongle has no document id list !
2023-06-11 14:01:12,521 [WARN] DbBoards:127 - board STEVAL-BFA001V1B has no document id list !
2023-06-11 14:01:12,521 [WARN] DbBoards:127 - board STEVAL-BFA001V2B has no document id list !
2023-06-11 14:01:12,521 [WARN] DbBoards:127 - board STEVAL-IDP005V1 has no document id list !
2023-06-11 14:01:12,521 [WARN] DbBoards:127 - board STEVAL-IDP005V2 has no document id list !
2023-06-11 14:01:12,521 [WARN] DbBoards:127 - board STEVAL-MKSBOX1V1 has no document id list !
2023-06-11 14:01:12,521 [WARN] DbBoards:127 - board STEVAL-STWINKT1 has no document id list !
2023-06-11 14:01:12,521 [WARN] DbBoards:127 - board STEVAL-STWINKT1B has no document id list !
2023-06-11 14:01:12,521 [WARN] DbBoards:127 - board STM32439I-EVAL2 has no document id list !
2023-06-11 14:01:12,522 [WARN] DbBoards:127 - board STM32F401C-DISCO has no document id list !
2023-06-11 14:01:12,523 [WARN] DbBoards:127 - board STM32F769I-DISC1 has no document id list !
2023-06-11 14:01:12,523 [WARN] DbBoards:127 - board STM32G474E-EVAL1 has no document id list !
2023-06-11 14:01:12,523 [WARN] DbBoards:127 - board STM32H743I-EVAL2 has no document id list !
2023-06-11 14:01:12,523 [WARN] DbBoards:127 - board STM32H747I-DISC1 has no document id list !
2023-06-11 14:01:12,523 [WARN] DbBoards:127 - board STM32H753I-EVAL2 has no document id list !
2023-06-11 14:01:12,524 [WARN] DbBoards:127 - board STM32L-DISCOVERY has no document id list !
2023-06-11 14:01:12,719 [ERROR] DbBoards:189 - Image file not found for board B-U585I-IOT02A: C:\ST\STM32CubeIDE_1.7.0\STM32CubeIDE\plugins\com.st.stm32cube.common.mx_6.3.0.202107141111\\db\/plugins/mcufinder/images/boards/B-U585I-IOT02A_small.jpg
2023-06-11 14:01:12,857 [ERROR] DbBoards:189 - Image file not found for board NUCLEO-F413ZH: C:\ST\STM32CubeIDE_1.7.0\STM32CubeIDE\plugins\com.st.stm32cube.common.mx_6.3.0.202107141111\\db\/plugins/mcufinder/images/boards/nucleo-f413zh_small.jpg
2023-06-11 14:01:13,144 [ERROR] DbBoards:189 - Image file not found for board NUCLEO-L552ZE-Q: C:\ST\STM32CubeIDE_1.7.0\STM32CubeIDE\plugins\com.st.stm32cube.common.mx_6.3.0.202107141111\\db\/plugins/mcufinder/images/boards/nucleo_l552ze_q_small.jpg
2023-06-11 14:01:13,144 [ERROR] DbBoards:189 - Image file not found for board NUCLEO-U575ZI-Q: C:\ST\STM32CubeIDE_1.7.0\STM32CubeIDE\plugins\com.st.stm32cube.common.mx_6.3.0.202107141111\\db\/plugins/mcufinder/images/boards/nucleo-u575zi-q_small.jpg
2023-06-11 14:01:13,144 [ERROR] DbBoards:189 - Image file not found for board NUCLEO-WB15CC: C:\ST\STM32CubeIDE_1.7.0\STM32CubeIDE\plugins\com.st.stm32cube.common.mx_6.3.0.202107141111\\db\/plugins/mcufinder/images/boards/nucleo-wb15cc_small.jpg
2023-06-11 14:01:13,144 [ERROR] DbBoards:189 - Image file not found for board NUCLEO-WB55RG: C:\ST\STM32CubeIDE_1.7.0\STM32CubeIDE\plugins\com.st.stm32cube.common.mx_6.3.0.202107141111\\db\/plugins/mcufinder/images/boards/nucleo-wb55rg_small.jpg
2023-06-11 14:01:15,053 [INFO] ApiDb:251 - Load user favorites file C:\Users\voids/.stm32cubeide/favorites.boards.txt: 0 item(s)
2023-06-11 14:01:15,053 [INFO] ApiDb:255 - User favorites Boards=[]
2023-06-11 14:01:15,054 [INFO] DbBoards:206 - Set 0 / 0 favorites Boards
2023-06-11 14:01:15,061 [INFO] DbBoardsDocs:79 - Found 418 boards documents
2023-06-11 14:01:15,062 [INFO] ApiDb:276 - Save user favorites file C:\Users\voids/.stm32cubeide/favorites.boards.txt: 0 item(s)
2023-06-11 14:01:15,062 [INFO] ApiDb:280 - User favorites Boards=[]
2023-06-11 14:01:15,067 [INFO] DbBoardsPdsc:90 - Found 25 items
2023-06-11 14:01:15,069 [INFO] DbBoardsPdsc:90 - Found 9 items
2023-06-11 14:01:15,073 [INFO] DbBoardsPdsc:90 - Found 33 items
2023-06-11 14:01:15,076 [INFO] DbBoardsPdsc:90 - Found 1 items
2023-06-11 14:01:15,083 [INFO] DbBoardsPdsc:90 - Found 48 items
2023-06-11 14:01:15,091 [INFO] DbBoardsPdsc:90 - Found 43 items
2023-06-11 14:01:15,093 [INFO] DbBoardsPdsc:90 - Found 2 items
2023-06-11 14:01:15,095 [INFO] DbBoardsPdsc:90 - Found 5 items
2023-06-11 14:01:15,099 [WARN] DbBoardsPdsc:254 - Board STM32H7B3I-DK: unknown feature type=Audio, name=, username=Audio stereo codec with Headphone Amp (CS42L51-CNZ), n=1
2023-06-11 14:01:15,100 [WARN] DbBoardsPdsc:254 - Board STM32H735G-DK: unknown feature type=Audio, name=, username=Audio stereo codec with Headphone Amp (WM8994ECS/R), n=1
2023-06-11 14:01:15,102 [WARN] DbBoardsPdsc:254 - Board STM32H7B3I-EVAL: unknown feature type=Audio, name=, username=Multi-Channel Audio Codec (CS42L51-CNZ), n=1
2023-06-11 14:01:15,102 [WARN] DbBoardsPdsc:254 - Board STM32H7B3I-EVAL: unknown feature type=Meter, name=, username=Power-metering and Temperature-monitoring with sigma-delta modulators, n=1
2023-06-11 14:01:15,103 [WARN] DbBoardsPdsc:254 - Board STM32H7B3I-EVAL: unknown feature type=Motor, name=, username=Motor Control, n=1
2023-06-11 14:01:15,103 [WARN] DbBoardsPdsc:254 - Board STM32U575I-EV: unknown feature type=joystick, name=, username=4-direction joystick with selection button, n=1
2023-06-11 14:01:15,180 [INFO] DbBoardsJson:86 - JSON generation date=Tue Nov 16 11:17:54 EST 2021 (1637079474)
2023-06-11 14:01:15,187 [INFO] DbBoards:117 - Found 167 boards (163 are supported by CubeMX)
2023-06-11 14:01:15,187 [WARN] DbBoards:127 - board B-L475E-IOT01A2 has no document id list !
2023-06-11 14:01:15,189 [WARN] DbBoards:127 - board NUCLEO-H743ZI has no document id list !
2023-06-11 14:01:15,190 [WARN] DbBoards:127 - board NUCLEO-WL55JC2 has no document id list !
2023-06-11 14:01:15,190 [WARN] DbBoards:127 - board P-NUCLEO-WB55-Nucleo has no document id list !
2023-06-11 14:01:15,190 [WARN] DbBoards:127 - board P-NUCLEO-WB55-USBDongle has no document id list !
2023-06-11 14:01:15,190 [WARN] DbBoards:127 - board STEVAL-BFA001V1B has no document id list !
2023-06-11 14:01:15,190 [WARN] DbBoards:127 - board STEVAL-BFA001V2B has no document id list !
2023-06-11 14:01:15,190 [WARN] DbBoards:127 - board STEVAL-IDP005V1 has no document id list !
2023-06-11 14:01:15,191 [WARN] DbBoards:127 - board STEVAL-IDP005V2 has no document id list !
2023-06-11 14:01:15,191 [WARN] DbBoards:127 - board STEVAL-MKSBOX1V1 has no document id list !
2023-06-11 14:01:15,191 [WARN] DbBoards:127 - board STEVAL-STWINKT1 has no document id list !
2023-06-11 14:01:15,191 [WARN] DbBoards:127 - board STEVAL-STWINKT1B has no document id list !
2023-06-11 14:01:15,191 [WARN] DbBoards:127 - board STM32439I-EVAL2 has no document id list !
2023-06-11 14:01:15,191 [WARN] DbBoards:127 - board STM32F401C-DISCO has no document id list !
2023-06-11 14:01:15,192 [WARN] DbBoards:127 - board STM32F769I-DISC1 has no document id list !
2023-06-11 14:01:15,192 [WARN] DbBoards:127 - board STM32G474E-EVAL1 has no document id list !
2023-06-11 14:01:15,192 [WARN] DbBoards:127 - board STM32H743I-EVAL2 has no document id list !
2023-06-11 14:01:15,192 [WARN] DbBoards:127 - board STM32H747I-DISC1 has no document id list !
2023-06-11 14:01:15,192 [WARN] DbBoards:127 - board STM32H753I-EVAL2 has no document id list !
2023-06-11 14:01:15,192 [WARN] DbBoards:127 - board STM32L-DISCOVERY has no document id list !
2023-06-11 14:01:15,344 [ERROR] DbBoards:189 - Image file not found for board B-U585I-IOT02A: C:\ST\STM32CubeIDE_1.7.0\STM32CubeIDE\plugins\com.st.stm32cube.common.mx_6.3.0.202107141111\\db\/plugins/mcufinder/images/boards/B-U585I-IOT02A_small.jpg
2023-06-11 14:01:15,489 [ERROR] DbBoards:189 - Image file not found for board NUCLEO-F413ZH: C:\ST\STM32CubeIDE_1.7.0\STM32CubeIDE\plugins\com.st.stm32cube.common.mx_6.3.0.202107141111\\db\/plugins/mcufinder/images/boards/nucleo-f413zh_small.jpg
2023-06-11 14:01:15,802 [ERROR] DbBoards:189 - Image file not found for board NUCLEO-L552ZE-Q: C:\ST\STM32CubeIDE_1.7.0\STM32CubeIDE\plugins\com.st.stm32cube.common.mx_6.3.0.202107141111\\db\/plugins/mcufinder/images/boards/nucleo_l552ze_q_small.jpg
2023-06-11 14:01:15,802 [ERROR] DbBoards:189 - Image file not found for board NUCLEO-U575ZI-Q: C:\ST\STM32CubeIDE_1.7.0\STM32CubeIDE\plugins\com.st.stm32cube.common.mx_6.3.0.202107141111\\db\/plugins/mcufinder/images/boards/nucleo-u575zi-q_small.jpg
2023-06-11 14:01:15,803 [ERROR] DbBoards:189 - Image file not found for board NUCLEO-WB15CC: C:\ST\STM32CubeIDE_1.7.0\STM32CubeIDE\plugins\com.st.stm32cube.common.mx_6.3.0.202107141111\\db\/plugins/mcufinder/images/boards/nucleo-wb15cc_small.jpg
2023-06-11 14:01:15,803 [ERROR] DbBoards:189 - Image file not found for board NUCLEO-WB55RG: C:\ST\STM32CubeIDE_1.7.0\STM32CubeIDE\plugins\com.st.stm32cube.common.mx_6.3.0.202107141111\\db\/plugins/mcufinder/images/boards/nucleo-wb55rg_small.jpg
2023-06-11 14:01:17,073 [INFO] ApiDb:251 - Load user favorites file C:\Users\voids/.stm32cubeide/favorites.boards.txt: 0 item(s)
2023-06-11 14:01:17,073 [INFO] ApiDb:255 - User favorites Boards=[]
2023-06-11 14:01:17,073 [INFO] DbBoards:206 - Set 0 / 0 favorites Boards
2023-06-11 14:01:17,095 [INFO] LoadUrlFilesThread:172 - End of LoadServerUrlFiles without Thread
2023-06-11 14:01:17,095 [INFO] TargetSelectorAdapter:224 - Refresh data is successful
2023-06-11 14:01:17,246 [INFO] ApiDb:479 - Connected to CubeFinder SQLite database (C:\Users\voids\.stmcufinder\plugins\mcufinder\mcu\cube-finder-db.db)
2023-06-11 14:01:19,668 [INFO] DbExamplesSqlite:411 - Ignored 45 examples not supported by CubeIDE
2023-06-11 14:01:19,668 [INFO] DbExamplesSqlite:412 - Found 7342 examples active
2023-06-11 14:01:19,669 [INFO] DbExamplesSqlite:413 - Found 1107 examples obsolete
2023-06-11 14:01:19,669 [INFO] DbExamplesSqlite:414 - Found 0 examples under development
2023-06-11 14:01:19,669 [INFO] DbExamplesSqlite:415 - Found 77 examples not building
2023-06-11 14:01:19,825 [INFO] DbExamplesSqlite:108 - CubeFinder database Data Model version=2.1
2023-06-11 14:01:19,825 [INFO] DbExamplesSqlite:109 - CubeFinder database Configuration version=3.0.35
2023-06-11 14:01:19,825 [INFO] DbExamplesSqlite:110 - CubeFinder database generation date=2023-05-12 (1683877179)
2023-06-11 14:01:19,825 [INFO] DbExamplesSqlite:111 - CubeFinder database FW Pack versions=[FP-ATR-ASTRA1_V2.0.0, FP-SNS-FLIGHT1_V5.0.0, FP-SNS-MOTENV1_V4.3.0, STM32Cube_FW_C0_V1.0.1, STM32Cube_FW_F0_V1.11.4, STM32Cube_FW_F3_V1.11.4, STM32Cube_FW_F4_V1.27.1, STM32Cube_FW_F7_V1.17.0, STM32Cube_FW_G0_V1.6.1, STM32Cube_FW_G4_V1.5.1, STM32Cube_FW_H5_V0.5.1, STM32Cube_FW_H5_V1.0.0, STM32Cube_FW_H7_V1.11.0, STM32Cube_FW_L0_V1.12.2, STM32Cube_FW_L5_V1.5.0, STM32Cube_FW_U5_V1.2.0, STM32Cube_FW_WBA_V1.0.0, STM32Cube_FW_WBA_V1.0.0RC1, STM32Cube_FW_WBA_V1.0.0RC3, STM32Cube_FW_WB_V1.15.0RC1, STM32Cube_FW_WB_V1.16.0, STM32Cube_FW_WB_V1.16.0RC2, STM32Cube_FW_WL_V1.3.0, X-CUBE-ALGOBUILD_V1.3.0, X-CUBE-ALS_V1.0.1, X-CUBE-AZRTOS-F4_V1.1.0, X-CUBE-AZRTOS-F7_V1.1.0, X-CUBE-AZRTOS-G0_V1.1.0, X-CUBE-AZRTOS-G4_V2.0.0, X-CUBE-AZRTOS-H7_V3.1.0, X-CUBE-AZRTOS-L4_V1.0.0, X-CUBE-AZRTOS-L5_V1.1.0, X-CUBE-AZRTOS-WB_V1.1.0, X-CUBE-AZRTOS-WL_V1.0.0, X-CUBE-BLE1_V6.2.4, X-CUBE-BLE2_V3.3.0, X-CUBE-BLEMGR_V2.0.0, X-CUBE-EEPRMA1_V4.1.0, X-CUBE-FREERTOS_V1.0.1, X-CUBE-GNSS1_V6.0.0, X-CUBE-MEMS1_V9.1.0, X-CUBE-MEMS1_V9.4.0, X-CUBE-MEMS1_V9.6.0, X-CUBE-NFC4_V3.0.0, X-CUBE-NFC7_V1.0.0, X-CUBE-SFXS2LP1_V4.0.0, X-CUBE-SUBG2_V5.0.0]
2023-06-11 14:01:19,827 [INFO] DbExamples:130 - Found 7374 examples
2023-06-11 14:01:21,717 [ERROR] DbExamples:206 - Found 7374 examples with invalid data (board or MCU)
2023-06-11 14:01:21,717 [INFO] DbExamples:222 - Found 79 boards with related examples
2023-06-11 14:01:21,718 [INFO] DbExamples:235 - Found 0 MCUs with related examples
2023-06-11 14:01:21,750 [INFO] ApiDb:251 - Load user favorites file C:\Users\voids/.stm32cubeide/favorites.examples.txt: 0 item(s)
2023-06-11 14:01:21,750 [INFO] ApiDb:255 - User favorites Examples=[]
2023-06-11 14:01:21,750 [INFO] DbExamples:256 - Set 0 / 0 favorites Examples
2023-06-11 14:01:22,201 [INFO] McuFinderGlobals:52 - Set McuFinderConnectedMode to false
2023-06-11 14:01:22,335 [INFO] CrossSelectorPresenter:1330 - Cross Selector saved comparison directory: C:\Users\voids\.stmcufinder\plugins\mcufinder\mcu\cs_comparisons_mx
2023-06-11 14:01:22,342 [INFO] MultiScanPanel:197 - Auto-refresh data requested => check proxy status ongoing
2023-06-11 14:01:22,342 [INFO] MultiScanPanel:201 - Proxy status is invalid
2023-06-11 14:01:22,346 [INFO] FinderPluginLoader:87 - Searching for filters in installed packs
2023-06-11 14:01:23,300 [INFO] DetailPanel:309 - Set advertising image to C:/Users/voids/STM32Cube/Repository/\en.prom-stm32h5-mcu-finder.jpg
2023-06-11 14:04:48,135 [INFO] MainUpdater:2671 - connection check result : 10
2023-06-11 14:04:48,136 [INFO] MainUpdater:2671 - connection check result : 10
2023-06-11 14:04:48,198 [INFO] MicroXplorer:448 - Change Database Path : 
2023-06-11 14:04:48,199 [INFO] MicroXplorer:478 - Change Database Version : DB.6.0.30
2023-06-11 14:04:48,199 [WARN] ThirdParty:813 - waiting for thirdparty lock release [close project]
2023-06-11 14:04:48,199 [INFO] ThirdParty:815 - entering critical section [close project]
2023-06-11 14:04:48,200 [INFO] ThirdParty:825 - exiting critical section [close project]
2023-06-11 14:04:48,206 [INFO] PinOutPanel:1463 - setPackage(No Configuration,No Configuration)
2023-06-11 14:04:48,207 [INFO] UtilMem:74 - Begin LoadConfig() Used Memory: 707975440 Bytes (776994816)
2023-06-11 14:04:48,210 [INFO] MicroXplorer:448 - Change Database Path : 
2023-06-11 14:04:48,210 [INFO] MicroXplorer:478 - Change Database Version : DB.6.0.30
2023-06-11 14:04:48,211 [INFO] OpenFileManager:313 - Change cursor
2023-06-11 14:04:52,274 [INFO] Context:592 - Trying to add GPIOservice into a context  which must be forbidden
2023-06-11 14:04:53,112 [INFO] ImportTextPane:167 - (OptionalMessage_ERROR) Unable to find key (Mcu.ThirdPartyNb) in loaded IOC file
2023-06-11 14:04:53,112 [INFO] ImportTextPane:167 - (OptionalMessage_ERROR) Unable to find key (Mcu.PinsNb) in loaded IOC file
2023-06-11 14:04:53,112 [INFO] ImportTextPane:167 - (OptionalMessage_ERROR) Unable to find key (Mcu.IPNb) in loaded IOC file
2023-06-11 14:04:53,220 [WARN] ApiManager:304 - Cannot register API 'Board Extension:GNSS1A1' from pack STMicroelectronics.X-CUBE-GNSS1.6.0.0: no header file found
2023-06-11 14:04:53,220 [WARN] ApiManager:304 - Cannot register API 'Board Support:Custom' from pack STMicroelectronics.X-CUBE-GNSS1.6.0.0: no header file found
2023-06-11 14:04:53,221 [WARN] ApiManager:304 - Cannot register API 'Data Exchange:lib_gnss' from pack STMicroelectronics.X-CUBE-GNSS1.6.0.0: no header file found
2023-06-11 14:04:53,442 [WARN] ApiManager:304 - Cannot register API 'Board Extension:IKS01A3' from pack STMicroelectronics.X-CUBE-MEMS1.9.0.0: no header file found
2023-06-11 14:04:53,443 [WARN] ApiManager:304 - Cannot register API 'Board Extension:IKS01A2' from pack STMicroelectronics.X-CUBE-MEMS1.9.0.0: no header file found
2023-06-11 14:04:53,443 [WARN] ApiManager:304 - Cannot register API 'Board Extension:IKS02A1' from pack STMicroelectronics.X-CUBE-MEMS1.9.0.0: no header file found
2023-06-11 14:04:53,826 [WARN] ApiManager:304 - Cannot register API 'Board Extension:IKS01A3' from pack STMicroelectronics.X-CUBE-MEMS1.9.4.0: no header file found
2023-06-11 14:04:53,826 [WARN] ApiManager:304 - Cannot register API 'Board Extension:IKS01A2' from pack STMicroelectronics.X-CUBE-MEMS1.9.4.0: no header file found
2023-06-11 14:04:53,826 [WARN] ApiManager:304 - Cannot register API 'Board Extension:IKS02A1' from pack STMicroelectronics.X-CUBE-MEMS1.9.4.0: no header file found
2023-06-11 14:04:54,291 [WARN] ApiManager:304 - Cannot register API 'Board Extension:IKS01A3' from pack STMicroelectronics.X-CUBE-MEMS1.9.6.0: no header file found
2023-06-11 14:04:54,291 [WARN] ApiManager:304 - Cannot register API 'Board Extension:IKS01A2' from pack STMicroelectronics.X-CUBE-MEMS1.9.6.0: no header file found
2023-06-11 14:04:54,291 [WARN] ApiManager:304 - Cannot register API 'Board Extension:IKS02A1' from pack STMicroelectronics.X-CUBE-MEMS1.9.6.0: no header file found
2023-06-11 14:04:54,299 [WARN] ApiManager:304 - Cannot register API 'Wireless:BlueNRG-MS' from pack STMicroelectronics.X-CUBE-BLE1.6.2.4: no header file found
2023-06-11 14:04:54,307 [INFO] RtosManager:484 - Registered RTOS mode: class=CMSIS, group=RTOS, mode=CMSIS_V1, owner=FREERTOS
2023-06-11 14:04:54,307 [INFO] RtosManager:484 - Registered RTOS mode: class=CMSIS, group=RTOS2, mode=CMSIS_V2, owner=FREERTOS
2023-06-11 14:04:54,307 [INFO] RtosManager:484 - Registered RTOS mode: class=RTOS, group=Core, mode=CMSIS_V1, owner=FREERTOS
2023-06-11 14:04:54,308 [INFO] RtosManager:484 - Registered RTOS mode: class=RTOS, group=Core, mode=CMSIS_V2, owner=FREERTOS
2023-06-11 14:04:54,308 [WARN] ModelIntegratedComponent:181 - Missing modes for component STMicroelectronics:FreeRTOS:0.0.1:STMicroelectronics:RTOS:FreeRTOS:Core:::10.2.0:
2023-06-11 14:04:54,315 [WARN] ApiManager:304 - Cannot register API 'Board Extension:S2868A1' from pack STMicroelectronics.X-CUBE-SUBG2.5.0.0: no header file found
2023-06-11 14:04:54,315 [WARN] ApiManager:304 - Cannot register API 'Board Extension:S2868A2' from pack STMicroelectronics.X-CUBE-SUBG2.5.0.0: no header file found
2023-06-11 14:04:54,315 [WARN] ApiManager:304 - Cannot register API 'Board Extension:S2915A1' from pack STMicroelectronics.X-CUBE-SUBG2.5.0.0: no header file found
2023-06-11 14:04:54,316 [WARN] ApiManager:304 - Cannot register API 'Board Extension:NFC04A1' from pack STMicroelectronics.X-CUBE-NFC4.3.0.0: no header file found
2023-06-11 14:04:54,323 [WARN] ApiManager:304 - Cannot register API 'Wireless:BlueNRG-MS' from pack STMicroelectronics.X-CUBE-BLE1.6.2.1: no header file found
2023-06-11 14:04:54,324 [WARN] ApiManager:304 - Cannot register API 'Board Extension:NFC04A1' from pack STMicroelectronics.X-CUBE-NFC4.2.0.5: no header file found
2023-06-11 14:04:54,325 [WARN] ApiManager:304 - Cannot register API 'Wireless:BlueNRG-2' from pack STMicroelectronics.X-CUBE-BLE2.3.2.1: no header file found
2023-06-11 14:04:54,325 [WARN] ModelIntegratedComponent:179 - Modes not found for component STMicroelectronics:USB_HOST:1.0.0:STMicroelectronics:USB::USB Host:Audio HS::1.0:USB_HOST_1_0_RESTRICTED_HS
2023-06-11 14:04:54,325 [WARN] ModelIntegratedComponent:185 - Modes not found for component STMicroelectronics:USB_HOST:1.0.0:STMicroelectronics:USB::USB Host:Audio HS::1.0:USB_HOST_1_0_RESTRICTED_HS
2023-06-11 14:04:54,325 [WARN] ModelIntegratedComponent:179 - Modes not found for component STMicroelectronics:USB_HOST:1.0.0:STMicroelectronics:USB::USB Host:CDC HS::1.0:USB_HOST_1_0_RESTRICTED_HS
2023-06-11 14:04:54,325 [WARN] ModelIntegratedComponent:185 - Modes not found for component STMicroelectronics:USB_HOST:1.0.0:STMicroelectronics:USB::USB Host:CDC HS::1.0:USB_HOST_1_0_RESTRICTED_HS
2023-06-11 14:04:54,326 [WARN] ModelIntegratedComponent:179 - Modes not found for component STMicroelectronics:USB_HOST:1.0.0:STMicroelectronics:USB::USB Host:MSC HS::1.0:USB_HOST_1_0_RESTRICTED_HS
2023-06-11 14:04:54,326 [WARN] ModelIntegratedComponent:185 - Modes not found for component STMicroelectronics:USB_HOST:1.0.0:STMicroelectronics:USB::USB Host:MSC HS::1.0:USB_HOST_1_0_RESTRICTED_HS
2023-06-11 14:04:54,326 [WARN] ModelIntegratedComponent:179 - Modes not found for component STMicroelectronics:USB_HOST:1.0.0:STMicroelectronics:USB::USB Host:HID HS::1.0:USB_HOST_1_0_RESTRICTED_HS
2023-06-11 14:04:54,326 [WARN] ModelIntegratedComponent:185 - Modes not found for component STMicroelectronics:USB_HOST:1.0.0:STMicroelectronics:USB::USB Host:HID HS::1.0:USB_HOST_1_0_RESTRICTED_HS
2023-06-11 14:04:54,326 [WARN] ModelIntegratedComponent:179 - Modes not found for component STMicroelectronics:USB_HOST:1.0.0:STMicroelectronics:USB::USB Host:MTP HS::1.0:USB_HOST_1_0_RESTRICTED_HS
2023-06-11 14:04:54,326 [WARN] ModelIntegratedComponent:185 - Modes not found for component STMicroelectronics:USB_HOST:1.0.0:STMicroelectronics:USB::USB Host:MTP HS::1.0:USB_HOST_1_0_RESTRICTED_HS
2023-06-11 14:04:54,327 [WARN] ApiManager:304 - Cannot register API 'Board Extension:NFC04A1' from pack STMicroelectronics.X-CUBE-NFC4.2.0.3: no header file found
2023-06-11 14:04:54,345 [WARN] ApiManager:304 - Cannot register API 'Board Extension:S2868A1' from pack STMicroelectronics.X-CUBE-SFXS2LP1.3.1.0: no header file found
2023-06-11 14:04:54,345 [WARN] ApiManager:304 - Cannot register API 'Board Extension:S2868A2' from pack STMicroelectronics.X-CUBE-SFXS2LP1.3.1.0: no header file found
2023-06-11 14:04:54,345 [WARN] ApiManager:304 - Cannot register API 'Board Extension:S2915A1' from pack STMicroelectronics.X-CUBE-SFXS2LP1.3.1.0: no header file found
2023-06-11 14:04:54,358 [WARN] ModelIntegratedComponent:60 - No mode defined for component null
2023-06-11 14:04:54,358 [WARN] ModelIntegratedComponent:60 - No mode defined for component null
2023-06-11 14:04:54,358 [WARN] ModelIntegratedComponent:60 - No mode defined for component null
2023-06-11 14:04:54,358 [WARN] ModelIntegratedComponent:60 - No mode defined for component null
2023-06-11 14:04:54,359 [WARN] ModelIntegratedComponent:60 - No mode defined for component null
2023-06-11 14:04:54,359 [WARN] ModelIntegratedComponent:60 - No mode defined for component null
2023-06-11 14:04:54,359 [WARN] ModelIntegratedComponent:60 - No mode defined for component null
2023-06-11 14:04:54,359 [WARN] ModelIntegratedComponent:60 - No mode defined for component null
2023-06-11 14:04:54,359 [WARN] ModelIntegratedComponent:60 - No mode defined for component null
2023-06-11 14:04:54,359 [WARN] ModelIntegratedComponent:60 - No mode defined for component null
2023-06-11 14:04:54,359 [WARN] ModelIntegratedComponent:60 - No mode defined for component null
2023-06-11 14:04:54,360 [WARN] ModelIntegratedComponent:60 - No mode defined for component null
2023-06-11 14:04:54,360 [WARN] ModelIntegratedComponent:60 - No mode defined for component null
2023-06-11 14:04:54,360 [WARN] ModelIntegratedComponent:60 - No mode defined for component null
2023-06-11 14:04:54,360 [WARN] ModelIntegratedComponent:60 - No mode defined for component null
2023-06-11 14:04:54,360 [WARN] ModelIntegratedComponent:60 - No mode defined for component null
2023-06-11 14:04:54,360 [WARN] ModelIntegratedComponent:60 - No mode defined for component null
2023-06-11 14:04:54,360 [WARN] ModelIntegratedComponent:60 - No mode defined for component null
2023-06-11 14:04:54,361 [WARN] ModelIntegratedComponent:60 - No mode defined for component null
2023-06-11 14:04:54,361 [WARN] ModelIntegratedComponent:60 - No mode defined for component null
2023-06-11 14:04:54,361 [WARN] ModelIntegratedComponent:60 - No mode defined for component null
2023-06-11 14:04:54,361 [WARN] ModelIntegratedComponent:60 - No mode defined for component null
2023-06-11 14:04:54,361 [WARN] ModelIntegratedComponent:60 - No mode defined for component null
2023-06-11 14:04:54,361 [WARN] ModelIntegratedComponent:60 - No mode defined for component null
2023-06-11 14:04:54,362 [WARN] ModelIntegratedComponent:60 - No mode defined for component null
2023-06-11 14:04:54,362 [WARN] ModelIntegratedComponent:60 - No mode defined for component null
2023-06-11 14:04:54,362 [WARN] ModelIntegratedComponent:60 - No mode defined for component null
2023-06-11 14:04:54,362 [WARN] ModelIntegratedComponent:60 - No mode defined for component null
2023-06-11 14:04:54,362 [WARN] ModelIntegratedComponent:60 - No mode defined for component null
2023-06-11 14:04:54,362 [WARN] ModelIntegratedComponent:60 - No mode defined for component null
2023-06-11 14:04:54,362 [WARN] ModelIntegratedComponent:60 - No mode defined for component null
2023-06-11 14:04:54,365 [WARN] ApiManager:304 - Cannot register API 'Board Extension:NFC07A1' from pack STMicroelectronics.X-CUBE-NFC7.1.0.0: no header file found
2023-06-11 14:04:54,369 [WARN] ApiManager:304 - Cannot register API 'Board Extension:S2868A1' from pack STMicroelectronics.X-CUBE-SUBG2.4.2.0: no header file found
2023-06-11 14:04:54,370 [WARN] ApiManager:304 - Cannot register API 'Board Extension:S2868A2' from pack STMicroelectronics.X-CUBE-SUBG2.4.2.0: no header file found
2023-06-11 14:04:54,370 [WARN] ApiManager:304 - Cannot register API 'Board Extension:S2915A1' from pack STMicroelectronics.X-CUBE-SUBG2.4.2.0: no header file found
2023-06-11 14:04:54,801 [WARN] ApiManager:304 - Cannot register API 'Board Extension:IKS01A3' from pack STMicroelectronics.X-CUBE-MEMS1.9.5.0: no header file found
2023-06-11 14:04:54,801 [WARN] ApiManager:304 - Cannot register API 'Board Extension:IKS01A2' from pack STMicroelectronics.X-CUBE-MEMS1.9.5.0: no header file found
2023-06-11 14:04:54,801 [WARN] ApiManager:304 - Cannot register API 'Board Extension:IKS02A1' from pack STMicroelectronics.X-CUBE-MEMS1.9.5.0: no header file found
2023-06-11 14:04:54,816 [WARN] ModelIntegratedComponent:179 - Modes not found for component STMicroelectronics:USB_DEVICE:1.0.0:STMicroelectronics:USB::USB Device:Audio HS::1.0:USB_DEVICE_1_0_RESTRICTED_HS
2023-06-11 14:04:54,816 [WARN] ModelIntegratedComponent:185 - Modes not found for component STMicroelectronics:USB_DEVICE:1.0.0:STMicroelectronics:USB::USB Device:Audio HS::1.0:USB_DEVICE_1_0_RESTRICTED_HS
2023-06-11 14:04:54,816 [WARN] ModelIntegratedComponent:179 - Modes not found for component STMicroelectronics:USB_DEVICE:1.0.0:STMicroelectronics:USB::USB Device:CDC HS::1.0:USB_DEVICE_1_0_RESTRICTED_HS
2023-06-11 14:04:54,816 [WARN] ModelIntegratedComponent:185 - Modes not found for component STMicroelectronics:USB_DEVICE:1.0.0:STMicroelectronics:USB::USB Device:CDC HS::1.0:USB_DEVICE_1_0_RESTRICTED_HS
2023-06-11 14:04:54,816 [WARN] ModelIntegratedComponent:179 - Modes not found for component STMicroelectronics:USB_DEVICE:1.0.0:STMicroelectronics:USB::USB Device:DFU HS::1.0:USB_DEVICE_1_0_RESTRICTED_HS
2023-06-11 14:04:54,816 [WARN] ModelIntegratedComponent:185 - Modes not found for component STMicroelectronics:USB_DEVICE:1.0.0:STMicroelectronics:USB::USB Device:DFU HS::1.0:USB_DEVICE_1_0_RESTRICTED_HS
2023-06-11 14:04:54,816 [WARN] ModelIntegratedComponent:179 - Modes not found for component STMicroelectronics:USB_DEVICE:1.0.0:STMicroelectronics:USB::USB Device:HID HS::1.0:USB_DEVICE_1_0_RESTRICTED_HS
2023-06-11 14:04:54,816 [WARN] ModelIntegratedComponent:185 - Modes not found for component STMicroelectronics:USB_DEVICE:1.0.0:STMicroelectronics:USB::USB Device:HID HS::1.0:USB_DEVICE_1_0_RESTRICTED_HS
2023-06-11 14:04:54,816 [WARN] ModelIntegratedComponent:179 - Modes not found for component STMicroelectronics:USB_DEVICE:1.0.0:STMicroelectronics:USB::USB Device:Custom HID HS::1.0:USB_DEVICE_1_0_RESTRICTED_HS
2023-06-11 14:04:54,817 [WARN] ModelIntegratedComponent:185 - Modes not found for component STMicroelectronics:USB_DEVICE:1.0.0:STMicroelectronics:USB::USB Device:Custom HID HS::1.0:USB_DEVICE_1_0_RESTRICTED_HS
2023-06-11 14:04:54,817 [WARN] ModelIntegratedComponent:179 - Modes not found for component STMicroelectronics:USB_DEVICE:1.0.0:STMicroelectronics:USB::USB Device:MSC HS::1.0:USB_DEVICE_1_0_RESTRICTED_HS
2023-06-11 14:04:54,817 [WARN] ModelIntegratedComponent:185 - Modes not found for component STMicroelectronics:USB_DEVICE:1.0.0:STMicroelectronics:USB::USB Device:MSC HS::1.0:USB_DEVICE_1_0_RESTRICTED_HS
2023-06-11 14:04:54,818 [WARN] ApiManager:304 - Cannot register API 'Board Extension:EEPRMA1' from pack STMicroelectronics.X-CUBE-EEPRMA1.3.1.0: no header file found
2023-06-11 14:04:54,818 [WARN] ApiManager:304 - Cannot register API 'Board Extension:EEPRMA2' from pack STMicroelectronics.X-CUBE-EEPRMA1.3.1.0: no header file found
2023-06-11 14:04:54,819 [WARN] ApiManager:304 - Cannot register API 'Board Extension:EEPRMA1' from pack STMicroelectronics.X-CUBE-EEPRMA1.3.1.1: no header file found
2023-06-11 14:04:54,819 [WARN] ApiManager:304 - Cannot register API 'Board Extension:EEPRMA2' from pack STMicroelectronics.X-CUBE-EEPRMA1.3.1.1: no header file found
2023-06-11 14:04:54,822 [WARN] ApiManager:304 - Cannot register API 'Board Extension:GNSS1A1' from pack STMicroelectronics.X-CUBE-GNSS1.5.2.0: no header file found
2023-06-11 14:04:54,822 [WARN] ApiManager:304 - Cannot register API 'Board Support:Custom' from pack STMicroelectronics.X-CUBE-GNSS1.5.2.0: no header file found
2023-06-11 14:04:54,822 [WARN] ApiManager:304 - Cannot register API 'Data Exchange:lib_gnss' from pack STMicroelectronics.X-CUBE-GNSS1.5.2.0: no header file found
2023-06-11 14:04:54,824 [WARN] ApiManager:304 - Cannot register API 'Board Extension:S2868A1' from pack STMicroelectronics.X-CUBE-SFXS2LP1.4.0.0: no header file found
2023-06-11 14:04:54,825 [WARN] ApiManager:304 - Cannot register API 'Board Extension:S2868A2' from pack STMicroelectronics.X-CUBE-SFXS2LP1.4.0.0: no header file found
2023-06-11 14:04:54,825 [WARN] ApiManager:304 - Cannot register API 'Board Extension:S2915A1' from pack STMicroelectronics.X-CUBE-SFXS2LP1.4.0.0: no header file found
2023-06-11 14:04:54,826 [WARN] ApiManager:304 - Cannot register API 'Wireless:BlueNRG-2' from pack STMicroelectronics.X-CUBE-BLE2.3.3.0: no header file found
2023-06-11 14:05:17,670 [INFO] UtilMem:74 - End LoadConfig() Used Memory: 644737984 Bytes (776994816)
2023-06-11 14:05:17,682 [WARN] ThirdParty:779 - waiting for thirdparty lock release [change project]
2023-06-11 14:05:17,682 [INFO] ThirdParty:781 - entering critical section [change project]
2023-06-11 14:05:17,682 [INFO] ThirdParty:967 - CMSIS Pack Vendor :STMicroelectronics X-CUBE-ISPU 1.1.0
2023-06-11 14:05:17,683 [INFO] ThirdParty:967 - CMSIS Pack Vendor :RoweBots I-CUBE-UNISONRTOS 5.5.0-4
2023-06-11 14:05:17,683 [INFO] ThirdParty:967 - CMSIS Pack Vendor :STMicroelectronics X-CUBE-GNSS1 6.0.0
2023-06-11 14:05:17,683 [INFO] ThirdParty:967 - CMSIS Pack Vendor :STMicroelectronics X-CUBE-AZRTOS-H7 2.1.0
2023-06-11 14:05:17,683 [INFO] ThirdParty:967 - CMSIS Pack Vendor :STMicroelectronics USB_HOST 2.0.0
2023-06-11 14:05:17,683 [INFO] ThirdParty:967 - CMSIS Pack Vendor :STMicroelectronics X-CUBE-AZRTOS-F4 1.1.0
2023-06-11 14:05:17,683 [INFO] ThirdParty:967 - CMSIS Pack Vendor :STMicroelectronics USB_DEVICE 3.0.0
2023-06-11 14:05:17,683 [INFO] ThirdParty:967 - CMSIS Pack Vendor :STMicroelectronics X-CUBE-AI 8.0.0
2023-06-11 14:05:17,704 [INFO] ThirdParty:967 - CMSIS Pack Vendor :STMicroelectronics X-CUBE-TOUCHGFX 4.21.1
2023-06-11 14:05:17,704 [INFO] ThirdParty:967 - CMSIS Pack Vendor :STMicroelectronics X-CUBE-TOUCHGFX 4.21.0
2023-06-11 14:05:17,704 [INFO] ThirdParty:967 - CMSIS Pack Vendor :STMicroelectronics X-CUBE-TOUCHGFX 4.21.3
2023-06-11 14:05:17,704 [INFO] ThirdParty:967 - CMSIS Pack Vendor :STMicroelectronics X-CUBE-MEMS1 9.0.0
2023-06-11 14:05:17,704 [INFO] ThirdParty:967 - CMSIS Pack Vendor :STMicroelectronics X-CUBE-AZRTOS-F7 1.1.0
2023-06-11 14:05:17,704 [INFO] ThirdParty:967 - CMSIS Pack Vendor :STMicroelectronics X-CUBE-TOUCHGFX 4.21.4
2023-06-11 14:05:17,704 [INFO] ThirdParty:967 - CMSIS Pack Vendor :STMicroelectronics X-CUBE-MEMS1 9.4.0
2023-06-11 14:05:17,704 [INFO] ThirdParty:967 - CMSIS Pack Vendor :STMicroelectronics USB_DEVICE 2.0.0
2023-06-11 14:05:17,704 [INFO] ThirdParty:967 - CMSIS Pack Vendor :STMicroelectronics X-CUBE-MEMS1 9.6.0
2023-06-11 14:05:17,705 [INFO] ThirdParty:967 - CMSIS Pack Vendor :STMicroelectronics X-CUBE-AI 7.3.0
2023-06-11 14:05:17,705 [INFO] ThirdParty:967 - CMSIS Pack Vendor :STMicroelectronics X-CUBE-ALGOBUILD 1.3.0
2023-06-11 14:05:17,705 [INFO] ThirdParty:967 - CMSIS Pack Vendor :STMicroelectronics X-CUBE-BLE1 6.2.4
2023-06-11 14:05:17,705 [INFO] ThirdParty:967 - CMSIS Pack Vendor :STMicroelectronics X-CUBE-AZRTOS-L5 1.1.0
2023-06-11 14:05:17,705 [INFO] ThirdParty:967 - CMSIS Pack Vendor :STMicroelectronics FreeRTOS 0.0.1
2023-06-11 14:05:17,705 [INFO] ThirdParty:967 - CMSIS Pack Vendor :emotas I-CUBE-CANOPEN 1.1.3
2023-06-11 14:05:17,705 [INFO] ThirdParty:967 - CMSIS Pack Vendor :STMicroelectronics X-CUBE-AZRTOS-G0 1.1.0
2023-06-11 14:05:17,705 [INFO] ThirdParty:967 - CMSIS Pack Vendor :STMicroelectronics X-CUBE-BLEMGR 2.0.0
2023-06-11 14:05:17,705 [INFO] ThirdParty:967 - CMSIS Pack Vendor :STMicroelectronics X-CUBE-AI 8.0.1
2023-06-11 14:05:17,705 [INFO] ThirdParty:967 - CMSIS Pack Vendor :STMicroelectronics X-CUBE-SUBG2 5.0.0
2023-06-11 14:05:17,705 [INFO] ThirdParty:967 - CMSIS Pack Vendor :STMicroelectronics X-CUBE-NFC4 3.0.0
2023-06-11 14:05:17,706 [INFO] ThirdParty:967 - CMSIS Pack Vendor :SEGGER I-CUBE-embOS 1.2.0
2023-06-11 14:05:17,706 [INFO] ThirdParty:967 - CMSIS Pack Vendor :STMicroelectronics lwIP 2.0.3
2023-06-11 14:05:17,706 [INFO] ThirdParty:967 - CMSIS Pack Vendor :STMicroelectronics X-CUBE-BLE1 6.2.1
2023-06-11 14:05:17,706 [INFO] ThirdParty:967 - CMSIS Pack Vendor :STMicroelectronics X-CUBE-NFC4 2.0.5
2023-06-11 14:05:17,706 [INFO] ThirdParty:967 - CMSIS Pack Vendor :STMicroelectronics X-CUBE-BLE2 3.2.1
2023-06-11 14:05:17,706 [INFO] ThirdParty:967 - CMSIS Pack Vendor :STMicroelectronics USB_HOST 1.0.0
2023-06-11 14:05:17,706 [INFO] ThirdParty:967 - CMSIS Pack Vendor :STMicroelectronics X-CUBE-NFC4 2.0.3
2023-06-11 14:05:17,706 [INFO] ThirdParty:967 - CMSIS Pack Vendor :wolfSSL I-CUBE-wolfSSL 4.8.0
2023-06-11 14:05:17,706 [INFO] ThirdParty:967 - CMSIS Pack Vendor :STMicroelectronics X-CUBE-AZRTOS-G4 2.0.0
2023-06-11 14:05:17,706 [INFO] ThirdParty:967 - CMSIS Pack Vendor :STMicroelectronics X-CUBE-TOUCHGFX 4.17.0
2023-06-11 14:05:17,706 [INFO] ThirdParty:967 - CMSIS Pack Vendor :STMicroelectronics PDM2PCM 3.1.0
2023-06-11 14:05:17,706 [INFO] ThirdParty:967 - CMSIS Pack Vendor :STMicroelectronics X-CUBE-AZRTOS-H7 3.1.0
2023-06-11 14:05:17,706 [INFO] ThirdParty:967 - CMSIS Pack Vendor :STMicroelectronics X-CUBE-TOF1 3.3.0
2023-06-11 14:05:17,707 [INFO] ThirdParty:967 - CMSIS Pack Vendor :STMicroelectronics FP-ATR-ASTRA1 1.1.1
2023-06-11 14:05:17,707 [INFO] ThirdParty:967 - CMSIS Pack Vendor :STMicroelectronics PDM2PCM 3.3.0
2023-06-11 14:05:17,707 [INFO] ThirdParty:967 - CMSIS Pack Vendor :STMicroelectronics X-CUBE-SFXS2LP1 3.1.0
2023-06-11 14:05:17,707 [INFO] ThirdParty:967 - CMSIS Pack Vendor :STMicroelectronics X-CUBE-BLEMGR 1.3.0
2023-06-11 14:05:17,707 [INFO] ThirdParty:967 - CMSIS Pack Vendor :STMicroelectronics X-CUBE-AZRTOS-F4 1.0.0
2023-06-11 14:05:17,707 [INFO] ThirdParty:967 - CMSIS Pack Vendor :STMicroelectronics X-CUBE-AZRTOS-H7 2.0.0
2023-06-11 14:05:17,707 [INFO] ThirdParty:967 - CMSIS Pack Vendor :STMicroelectronics X-CUBE-AZRTOS-G4 1.0.0
2023-06-11 14:05:17,707 [INFO] ThirdParty:967 - CMSIS Pack Vendor :STMicroelectronics FP-ATR-SIGFOX1 3.2.0
2023-06-11 14:05:17,707 [INFO] ThirdParty:967 - CMSIS Pack Vendor :STMicroelectronics X-CUBE-AZRTOS-L4 1.0.0
2023-06-11 14:05:17,707 [INFO] ThirdParty:967 - CMSIS Pack Vendor :STMicroelectronics X-CUBE-TOF1 2.0.0
2023-06-11 14:05:17,707 [INFO] ThirdParty:967 - CMSIS Pack Vendor :STMicroelectronics HAL Drivers 0.0.0
2023-06-11 14:05:17,707 [INFO] ThirdParty:967 - CMSIS Pack Vendor :STMicroelectronics MBEDTLS 2.16.2
2023-06-11 14:05:17,707 [INFO] ThirdParty:967 - CMSIS Pack Vendor :STMicroelectronics X-CUBE-TOUCHGFX 4.20.0
2023-06-11 14:05:17,708 [INFO] ThirdParty:967 - CMSIS Pack Vendor :STMicroelectronics MBEDTLS 2.14.1
2023-06-11 14:05:17,708 [INFO] ThirdParty:967 - CMSIS Pack Vendor :STMicroelectronics X-CUBE-NFC7 1.0.0
2023-06-11 14:05:17,708 [INFO] ThirdParty:967 - CMSIS Pack Vendor :STMicroelectronics X-CUBE-AZRTOS-WL 1.0.0
2023-06-11 14:05:17,708 [INFO] ThirdParty:967 - CMSIS Pack Vendor :STMicroelectronics X-CUBE-SUBG2 4.2.0
2023-06-11 14:05:17,708 [INFO] ThirdParty:967 - CMSIS Pack Vendor :portGmbH I-Cube-SoM-uGOAL 1.1.0
2023-06-11 14:05:17,708 [INFO] ThirdParty:967 - CMSIS Pack Vendor :STMicroelectronics X-CUBE-ALS 1.0.1
2023-06-11 14:05:17,708 [INFO] ThirdParty:967 - CMSIS Pack Vendor :STMicroelectronics X-CUBE-MEMS1 9.5.0
2023-06-11 14:05:17,708 [INFO] ThirdParty:967 - CMSIS Pack Vendor :STMicroelectronics X-CUBE-AI 7.0.0
2023-06-11 14:05:17,708 [INFO] ThirdParty:967 - CMSIS Pack Vendor :STMicroelectronics X-CUBE-AZRTOS-WB 1.1.0
2023-06-11 14:05:17,708 [INFO] ThirdParty:967 - CMSIS Pack Vendor :STMicroelectronics X-CUBE-AZRTOS-WL 2.0.0
2023-06-11 14:05:17,708 [INFO] ThirdParty:967 - CMSIS Pack Vendor :STMicroelectronics X-CUBE-ALGOBUILD 1.2.1
2023-06-11 14:05:17,708 [INFO] ThirdParty:967 - CMSIS Pack Vendor :SEGGER I-CUBE-embOS 1.3.1
2023-06-11 14:05:17,709 [INFO] ThirdParty:967 - CMSIS Pack Vendor :STMicroelectronics X-CUBE-DISPLAY 1.0.0
2023-06-11 14:05:17,709 [INFO] ThirdParty:967 - CMSIS Pack Vendor :STMicroelectronics USB_DEVICE 1.0.0
2023-06-11 14:05:17,709 [INFO] ThirdParty:967 - CMSIS Pack Vendor :STMicroelectronics X-CUBE-EEPRMA1 3.1.0
2023-06-11 14:05:17,709 [INFO] ThirdParty:967 - CMSIS Pack Vendor :STMicroelectronics X-CUBE-EEPRMA1 3.1.1
2023-06-11 14:05:17,709 [INFO] ThirdParty:967 - CMSIS Pack Vendor :STMicroelectronics X-CUBE-AZRTOS-L4 2.0.0
2023-06-11 14:05:17,709 [INFO] ThirdParty:967 - CMSIS Pack Vendor :STMicroelectronics X-CUBE-GNSS1 5.2.0
2023-06-11 14:05:17,709 [INFO] ThirdParty:967 - CMSIS Pack Vendor :STMicroelectronics ThreadX 0.0.2
2023-06-11 14:05:17,709 [INFO] ThirdParty:967 - CMSIS Pack Vendor :WES I-CUBE-Cesium 1.3.0
2023-06-11 14:05:17,709 [INFO] ThirdParty:967 - CMSIS Pack Vendor :STMicroelectronics FP-ATR-ASTRA1 2.0.0
2023-06-11 14:05:17,709 [INFO] ThirdParty:967 - CMSIS Pack Vendor :STMicroelectronics lwIP 2.1.2
2023-06-11 14:05:17,709 [INFO] ThirdParty:967 - CMSIS Pack Vendor :STMicroelectronics X-CUBE-SFXS2LP1 4.0.0
2023-06-11 14:05:17,709 [INFO] ThirdParty:967 - CMSIS Pack Vendor :STMicroelectronics X-CUBE-BLE2 3.3.0
2023-06-11 14:05:17,709 [INFO] ThirdParty:967 - CMSIS Pack Vendor :STMicroelectronics X-CUBE-DISPLAY 2.2.0
2023-06-11 14:05:17,710 [INFO] ThirdParty:967 - CMSIS Pack Vendor :STMicroelectronics X-CUBE-TOF1 3.2.0
2023-06-11 14:05:17,710 [INFO] ThirdParty:967 - CMSIS Pack Vendor :STMicroelectronics PDM2PCM 3.2.0
2023-06-11 14:05:17,710 [INFO] ThirdParty:967 - CMSIS Pack Vendor :STMicroelectronics X-CUBE-AZRTOS-H7 3.0.0
2023-06-11 14:05:17,710 [INFO] ThirdParty:787 - exiting critical section [change project]
2023-06-11 14:05:18,438 [INFO] PinOutPanel:1463 - setPackage(No Configuration,No Configuration)
2023-06-11 14:05:18,440 [INFO] PinOutPanel:1463 - setPackage(STM32F413RGTx,LQFP64)
2023-06-11 14:05:19,840 [INFO] UtilMem:74 - Before build in PCC Used Memory: 654518696 Bytes (776994816)
2023-06-11 14:05:21,147 [INFO] UtilMem:74 - After build in PCC Used Memory: 645466624 Bytes (776994816)
2023-06-11 14:05:21,207 [INFO] IPUIPlugin:74 - create IPUIPlugin
2023-06-11 14:05:21,207 [INFO] IPUIPlugin:74 - create IPUIPlugin
2023-06-11 14:05:21,208 [INFO] IPUIPlugin:74 - create IPUIPlugin
2023-06-11 14:05:21,208 [INFO] IPUIPlugin:74 - create IPUIPlugin
2023-06-11 14:05:21,208 [INFO] IPUIPlugin:74 - create IPUIPlugin
2023-06-11 14:05:21,209 [INFO] IPUIPlugin:74 - create IPUIPlugin
2023-06-11 14:05:21,209 [INFO] IPUIPlugin:74 - create IPUIPlugin
2023-06-11 14:05:21,209 [INFO] IPUIPlugin:74 - create IPUIPlugin
2023-06-11 14:05:21,210 [INFO] IPUIPlugin:74 - create IPUIPlugin
2023-06-11 14:05:21,210 [INFO] IPUIPlugin:74 - create IPUIPlugin
2023-06-11 14:05:21,210 [INFO] IPUIPlugin:74 - create IPUIPlugin
2023-06-11 14:05:21,211 [INFO] IPUIPlugin:74 - create IPUIPlugin
2023-06-11 14:05:21,211 [INFO] IPUIPlugin:74 - create IPUIPlugin
2023-06-11 14:05:21,212 [INFO] IPUIPlugin:74 - create IPUIPlugin
2023-06-11 14:05:21,212 [INFO] IPUIPlugin:74 - create IPUIPlugin
2023-06-11 14:05:21,212 [INFO] IPUIPlugin:74 - create IPUIPlugin
2023-06-11 14:05:21,213 [INFO] IPUIPlugin:74 - create IPUIPlugin
2023-06-11 14:05:21,213 [INFO] IPUIPlugin:74 - create IPUIPlugin
2023-06-11 14:05:21,214 [INFO] IPUIPlugin:74 - create IPUIPlugin
2023-06-11 14:05:21,214 [INFO] IPUIPlugin:74 - create IPUIPlugin
2023-06-11 14:05:21,215 [INFO] IPUIPlugin:74 - create IPUIPlugin
2023-06-11 14:05:21,215 [INFO] IPUIPlugin:74 - create IPUIPlugin
2023-06-11 14:05:21,216 [INFO] IPUIPlugin:74 - create IPUIPlugin
2023-06-11 14:05:21,218 [INFO] IPUIPlugin:74 - create IPUIPlugin
2023-06-11 14:05:21,219 [INFO] IPUIPlugin:74 - create IPUIPlugin
2023-06-11 14:05:21,220 [INFO] IPUIPlugin:74 - create IPUIPlugin
2023-06-11 14:05:21,221 [INFO] IPUIPlugin:74 - create IPUIPlugin
2023-06-11 14:05:21,222 [INFO] IPUIPlugin:74 - create IPUIPlugin
2023-06-11 14:05:21,224 [INFO] IPUIPlugin:74 - create IPUIPlugin
2023-06-11 14:05:21,225 [INFO] IPUIPlugin:74 - create IPUIPlugin
2023-06-11 14:05:21,226 [INFO] IPUIPlugin:74 - create IPUIPlugin
2023-06-11 14:05:21,227 [INFO] IPUIPlugin:74 - create IPUIPlugin
2023-06-11 14:05:21,228 [INFO] IPUIPlugin:74 - create IPUIPlugin
2023-06-11 14:05:21,229 [INFO] IPUIPlugin:74 - create IPUIPlugin
2023-06-11 14:05:21,230 [INFO] IPUIPlugin:74 - create IPUIPlugin
2023-06-11 14:05:21,231 [INFO] IPUIPlugin:74 - create IPUIPlugin
2023-06-11 14:05:21,232 [INFO] IPUIPlugin:74 - create IPUIPlugin
2023-06-11 14:05:21,233 [INFO] IPUIPlugin:74 - create IPUIPlugin
2023-06-11 14:05:21,235 [INFO] IPUIPlugin:74 - create IPUIPlugin
2023-06-11 14:05:21,236 [INFO] IPUIPlugin:74 - create IPUIPlugin
2023-06-11 14:05:21,237 [INFO] IPUIPlugin:74 - create IPUIPlugin
2023-06-11 14:05:21,238 [INFO] IPUIPlugin:74 - create IPUIPlugin
2023-06-11 14:05:21,239 [INFO] IPUIPlugin:74 - create IPUIPlugin
2023-06-11 14:05:21,240 [INFO] IPUIPlugin:74 - create IPUIPlugin
2023-06-11 14:05:21,242 [INFO] IPUIPlugin:74 - create IPUIPlugin
2023-06-11 14:05:21,243 [INFO] IPUIPlugin:74 - create IPUIPlugin
2023-06-11 14:05:21,244 [INFO] IPUIPlugin:74 - create IPUIPlugin
2023-06-11 14:05:21,245 [INFO] IPUIPlugin:74 - create IPUIPlugin
2023-06-11 14:05:21,247 [INFO] IPUIPlugin:74 - create IPUIPlugin
2023-06-11 14:05:21,248 [INFO] IPUIPlugin:74 - create IPUIPlugin
2023-06-11 14:05:21,249 [INFO] IPUIPlugin:74 - create IPUIPlugin
2023-06-11 14:05:21,251 [INFO] IPUIPlugin:74 - create IPUIPlugin
2023-06-11 14:05:21,253 [INFO] IPUIPlugin:74 - create IPUIPlugin
2023-06-11 14:05:21,254 [INFO] IPUIPlugin:74 - create IPUIPlugin
2023-06-11 14:05:21,256 [INFO] IPUIPlugin:74 - create IPUIPlugin
2023-06-11 14:05:21,258 [INFO] IPUIPlugin:74 - create IPUIPlugin
2023-06-11 14:05:21,260 [INFO] IPUIPlugin:74 - create IPUIPlugin
2023-06-11 14:05:21,261 [INFO] IPUIPlugin:74 - create IPUIPlugin
2023-06-11 14:05:21,263 [INFO] IPUIPlugin:74 - create IPUIPlugin
2023-06-11 14:05:21,265 [INFO] IPUIPlugin:74 - create IPUIPlugin
2023-06-11 14:05:21,267 [INFO] IPUIPlugin:74 - create IPUIPlugin
2023-06-11 14:05:21,269 [INFO] IPUIPlugin:74 - create IPUIPlugin
2023-06-11 14:05:21,271 [INFO] IPUIPlugin:74 - create IPUIPlugin
2023-06-11 14:05:21,274 [INFO] IPUIPlugin:74 - create IPUIPlugin
2023-06-11 14:05:21,276 [INFO] IPUIPlugin:74 - create IPUIPlugin
2023-06-11 14:05:21,404 [INFO] ApiDbMcu:468 - Load IP Config File for PDM2PCM
2023-06-11 14:05:21,639 [INFO] OpenFileManager:333 - Restore cursor
2023-06-11 14:05:22,468 [INFO] UtilMem:74 - End SaveConfig() Used Memory: 645860488 Bytes (776994816)
2023-06-11 14:05:22,598 [INFO] UtilMem:74 - End SaveConfig() Used Memory: 672369664 Bytes (776994816)
2023-06-11 14:05:23,296 [INFO] BlockDiagram:2740 - set Specific Code input for plugin: SYS
2023-06-11 14:05:23,296 [INFO] BlockDiagram:2740 - set Specific Code input for plugin: RCC
2023-06-11 14:05:23,297 [INFO] BlockDiagram:2740 - set Specific Code input for plugin: NVIC
2023-06-11 14:05:23,299 [INFO] CodeGenerator:663 - code generatio: config db path: C:\ST\STM32CubeIDE_1.7.0\STM32CubeIDE\plugins\com.st.stm32cube.common.mx_6.3.0.202107141111\\db\
2023-06-11 14:05:24,345 [INFO] CodeEngine:239 - oldGeneratedFile, C:\Users\voids\Documents\GitHub\orange\modules\HVSD 1\firmware\HVSD 1\MXTmpFiles\license.tmp_save
2023-06-11 14:05:25,037 [INFO] CodeEngine:257 - Generated code: C:\Users\voids\Documents\GitHub\orange\modules\HVSD 1\firmware\HVSD 1\MXTmpFiles\license.tmp
2023-06-11 14:05:25,238 [INFO] CodeEngine:239 - oldGeneratedFile, C:\Users\voids\Documents\GitHub\orange\modules\HVSD 1\firmware\HVSD 1\Core\Src\stm32f4xx_it.c_save
2023-06-11 14:05:25,563 [INFO] CodeEngine:257 - Generated code: C:\Users\voids\Documents\GitHub\orange\modules\HVSD 1\firmware\HVSD 1\Core\Src\stm32f4xx_it.c
2023-06-11 14:05:25,582 [INFO] CodeEngine:239 - oldGeneratedFile, C:\Users\voids\Documents\GitHub\orange\modules\HVSD 1\firmware\HVSD 1\Core\Inc\stm32f4xx_it.h_save
2023-06-11 14:05:25,796 [INFO] CodeEngine:257 - Generated code: C:\Users\voids\Documents\GitHub\orange\modules\HVSD 1\firmware\HVSD 1\Core\Inc\stm32f4xx_it.h
2023-06-11 14:05:25,832 [INFO] CodeEngine:239 - oldGeneratedFile, C:\Users\voids\Documents\GitHub\orange\modules\HVSD 1\firmware\HVSD 1\Core\Src\stm32f4xx_hal_msp.c_save
2023-06-11 14:05:26,104 [INFO] CodeEngine:257 - Generated code: C:\Users\voids\Documents\GitHub\orange\modules\HVSD 1\firmware\HVSD 1\Core\Src\stm32f4xx_hal_msp.c
2023-06-11 14:05:26,130 [INFO] CodeEngine:239 - oldGeneratedFile, C:\Users\voids\Documents\GitHub\orange\modules\HVSD 1\firmware\HVSD 1\MXTmpFiles\system.tmp_save
2023-06-11 14:05:26,293 [INFO] CodeEngine:257 - Generated code: C:\Users\voids\Documents\GitHub\orange\modules\HVSD 1\firmware\HVSD 1\MXTmpFiles\system.tmp
2023-06-11 14:05:26,324 [INFO] CodeEngine:239 - oldGeneratedFile, C:\Users\voids\Documents\GitHub\orange\modules\HVSD 1\firmware\HVSD 1\Core\Inc\stm32f4xx_hal_conf.h_save
2023-06-11 14:05:26,544 [INFO] CodeEngine:257 - Generated code: C:\Users\voids\Documents\GitHub\orange\modules\HVSD 1\firmware\HVSD 1\Core\Inc\stm32f4xx_hal_conf.h
2023-06-11 14:05:26,710 [INFO] CodeEngine:239 - oldGeneratedFile, C:\Users\voids\Documents\GitHub\orange\modules\HVSD 1\firmware\HVSD 1\Core\Inc\main.h_save
2023-06-11 14:05:26,998 [INFO] CodeEngine:257 - Generated code: C:\Users\voids\Documents\GitHub\orange\modules\HVSD 1\firmware\HVSD 1\Core\Inc\main.h
2023-06-11 14:05:27,025 [INFO] CodeEngine:239 - oldGeneratedFile, C:\Users\voids\Documents\GitHub\orange\modules\HVSD 1\firmware\HVSD 1\Core\Src\main.c_save
2023-06-11 14:05:27,330 [INFO] CodeEngine:257 - Generated code: C:\Users\voids\Documents\GitHub\orange\modules\HVSD 1\firmware\HVSD 1\Core\Src\main.c
2023-06-11 14:05:29,147 [INFO] ProjectBuilder:2578 - Time for Copy HAL[1] : 164mS.
2023-06-11 14:05:29,160 [INFO] ProjectBuilder:3622 - Project Generator version: 3.14.1
2023-06-11 14:05:30,161 [INFO] ConfigFileManager:1271 - The Die is : DIE463
2023-06-11 14:05:30,199 [INFO] ApiDbMcu:468 - Load IP Config File for FATFS
2023-06-11 14:05:30,251 [INFO] ApiDbMcu:468 - Load IP Config File for FREERTOS
2023-06-11 14:05:30,267 [INFO] ApiDbMcu:468 - Load IP Config File for LIBJPEG
2023-06-11 14:05:30,350 [INFO] ApiDbMcu:468 - Load IP Config File for MBEDTLS
2023-06-11 14:05:30,424 [INFO] ApiDbMcu:468 - Load IP Config File for USB_DEVICE
2023-06-11 14:05:30,451 [INFO] ApiDbMcu:468 - Load IP Config File for USB_HOST
2023-06-11 14:05:39,667 [INFO] ProjectBuilder:3789 - Time for Generating toolchain IDE Files: 10507mS.
2023-06-11 14:05:39,668 [INFO] ProjectBuilder:2457 - Time for Copy CMSIS : 0mS.
2023-06-11 14:05:39,674 [INFO] ProjectBuilder:2457 - Time for Copy CMSIS : 1mS.
2023-06-11 14:05:40,500 [INFO] McuFinderGlobals:52 - Set McuFinderConnectedMode to true
2023-06-11 14:05:40,504 [INFO] ApiDb:276 - Save user favorites file C:\Users\voids/.stm32cubeide/favorites.mcus.txt: 1 item(s)
2023-06-11 14:05:40,504 [INFO] ApiDb:280 - User favorites MCUs=[STM32L010F4Px]
2023-06-11 14:05:58,362 [INFO] UtilMem:74 - End SaveConfig() Used Memory: 756884544 Bytes (1073741824)
2023-06-11 14:05:58,902 [INFO] BlockDiagram:2740 - set Specific Code input for plugin: SYS
2023-06-11 14:05:58,903 [INFO] BlockDiagram:2740 - set Specific Code input for plugin: RCC
2023-06-11 14:05:58,903 [INFO] BlockDiagram:2740 - set Specific Code input for plugin: NVIC
2023-06-11 14:05:58,905 [INFO] CodeGenerator:663 - code generatio: config db path: C:\ST\STM32CubeIDE_1.7.0\STM32CubeIDE\plugins\com.st.stm32cube.common.mx_6.3.0.202107141111\\db\
2023-06-11 14:05:59,479 [INFO] CodeEngine:239 - oldGeneratedFile, C:\Users\voids\Documents\GitHub\orange\modules\HVSD 1\firmware\HVSD 1\MXTmpFiles\license.tmp_save
2023-06-11 14:05:59,558 [INFO] CodeEngine:257 - Generated code: C:\Users\voids\Documents\GitHub\orange\modules\HVSD 1\firmware\HVSD 1\MXTmpFiles\license.tmp
2023-06-11 14:05:59,612 [INFO] CodeEngine:239 - oldGeneratedFile, C:\Users\voids\Documents\GitHub\orange\modules\HVSD 1\firmware\HVSD 1\Core\Src\stm32f4xx_it.c_save
2023-06-11 14:05:59,763 [INFO] CodeEngine:257 - Generated code: C:\Users\voids\Documents\GitHub\orange\modules\HVSD 1\firmware\HVSD 1\Core\Src\stm32f4xx_it.c
2023-06-11 14:05:59,771 [INFO] CodeEngine:239 - oldGeneratedFile, C:\Users\voids\Documents\GitHub\orange\modules\HVSD 1\firmware\HVSD 1\Core\Inc\stm32f4xx_it.h_save
2023-06-11 14:05:59,881 [INFO] CodeEngine:257 - Generated code: C:\Users\voids\Documents\GitHub\orange\modules\HVSD 1\firmware\HVSD 1\Core\Inc\stm32f4xx_it.h
2023-06-11 14:05:59,912 [INFO] CodeEngine:239 - oldGeneratedFile, C:\Users\voids\Documents\GitHub\orange\modules\HVSD 1\firmware\HVSD 1\Core\Src\stm32f4xx_hal_msp.c_save
2023-06-11 14:06:00,100 [INFO] CodeEngine:257 - Generated code: C:\Users\voids\Documents\GitHub\orange\modules\HVSD 1\firmware\HVSD 1\Core\Src\stm32f4xx_hal_msp.c
2023-06-11 14:06:00,107 [INFO] CodeEngine:239 - oldGeneratedFile, C:\Users\voids\Documents\GitHub\orange\modules\HVSD 1\firmware\HVSD 1\MXTmpFiles\system.tmp_save
2023-06-11 14:06:00,196 [INFO] CodeEngine:257 - Generated code: C:\Users\voids\Documents\GitHub\orange\modules\HVSD 1\firmware\HVSD 1\MXTmpFiles\system.tmp
2023-06-11 14:06:00,222 [INFO] CodeEngine:239 - oldGeneratedFile, C:\Users\voids\Documents\GitHub\orange\modules\HVSD 1\firmware\HVSD 1\Core\Inc\stm32f4xx_hal_conf.h_save
2023-06-11 14:06:00,464 [INFO] CodeEngine:257 - Generated code: C:\Users\voids\Documents\GitHub\orange\modules\HVSD 1\firmware\HVSD 1\Core\Inc\stm32f4xx_hal_conf.h
2023-06-11 14:06:00,562 [INFO] CodeEngine:239 - oldGeneratedFile, C:\Users\voids\Documents\GitHub\orange\modules\HVSD 1\firmware\HVSD 1\Core\Inc\main.h_save
2023-06-11 14:06:00,677 [INFO] CodeEngine:257 - Generated code: C:\Users\voids\Documents\GitHub\orange\modules\HVSD 1\firmware\HVSD 1\Core\Inc\main.h
2023-06-11 14:06:00,693 [INFO] CodeEngine:239 - oldGeneratedFile, C:\Users\voids\Documents\GitHub\orange\modules\HVSD 1\firmware\HVSD 1\Core\Src\main.c_save
2023-06-11 14:06:00,851 [INFO] CodeEngine:257 - Generated code: C:\Users\voids\Documents\GitHub\orange\modules\HVSD 1\firmware\HVSD 1\Core\Src\main.c
2023-06-11 14:06:02,347 [INFO] ProjectBuilder:2578 - Time for Copy HAL[1] : 171mS.
2023-06-11 14:06:02,355 [INFO] ProjectBuilder:3622 - Project Generator version: 3.14.1
2023-06-11 14:06:03,197 [INFO] ConfigFileManager:1271 - The Die is : DIE463
2023-06-11 14:06:07,141 [INFO] ProjectBuilder:3789 - Time for Generating toolchain IDE Files: 4786mS.
2023-06-11 14:06:07,142 [INFO] ProjectBuilder:2457 - Time for Copy CMSIS : 0mS.
2023-06-11 14:06:07,148 [INFO] ProjectBuilder:2457 - Time for Copy CMSIS : 0mS.
2023-06-11 14:11:20,495 [INFO] UtilMem:74 - End SaveConfig() Used Memory: 914847336 Bytes (1073741824)
2023-06-11 14:37:25,986 [INFO] NvicIntPanel:96 - NVIC parent = com.st.microxplorer.plugins.ip.nvic.MultiNvicIntPanel[,0,0,450x326,layout=javax.swing.BoxLayout,alignmentX=0.0,alignmentY=0.0,border=,flags=9,maximumSize=,minimumSize=,preferredSize=]
2023-06-11 14:40:23,984 [INFO] NvicIntPanel:96 - NVIC parent = com.st.microxplorer.plugins.ip.nvic.MultiNvicIntPanel[,0,0,570x357,layout=javax.swing.BoxLayout,alignmentX=0.0,alignmentY=0.0,border=,flags=9,maximumSize=,minimumSize=,preferredSize=]
2023-06-11 14:41:05,645 [INFO] UtilMem:74 - End SaveConfig() Used Memory: 871516752 Bytes (1073741824)
2023-06-11 14:41:07,375 [INFO] UtilMem:74 - End SaveConfig() Used Memory: 907283560 Bytes (1073741824)
2023-06-11 14:41:10,279 [INFO] UtilMem:74 - End SaveConfig() Used Memory: 722623592 Bytes (1073741824)
2023-06-11 14:41:11,178 [INFO] BlockDiagram:2740 - set Specific Code input for plugin: TIM1_8
2023-06-11 14:41:11,178 [INFO] BlockDiagram:2740 - set Specific Code input for plugin: SYS
2023-06-11 14:41:11,179 [INFO] BlockDiagram:2740 - set Specific Code input for plugin: ADC
2023-06-11 14:41:11,179 [INFO] BlockDiagram:2740 - set Specific Code input for plugin: RCC
2023-06-11 14:41:11,179 [INFO] BlockDiagram:2740 - set Specific Code input for plugin: NVIC
2023-06-11 14:41:11,179 [INFO] BlockDiagram:2740 - set Specific Code input for plugin: DMA
2023-06-11 14:41:11,180 [INFO] BlockDiagram:2740 - set Specific Code input for plugin: GPIO
2023-06-11 14:41:11,182 [INFO] CodeGenerator:663 - code generatio: config db path: C:\ST\STM32CubeIDE_1.7.0\STM32CubeIDE\plugins\com.st.stm32cube.common.mx_6.3.0.202107141111\\db\
2023-06-11 14:41:12,672 [INFO] CodeEngine:239 - oldGeneratedFile, C:\Users\voids\Documents\GitHub\orange\modules\HVSD 1\firmware\HVSD 1\MXTmpFiles\license.tmp_save
2023-06-11 14:41:12,859 [INFO] CodeEngine:257 - Generated code: C:\Users\voids\Documents\GitHub\orange\modules\HVSD 1\firmware\HVSD 1\MXTmpFiles\license.tmp
2023-06-11 14:41:13,227 [INFO] CodeEngine:239 - oldGeneratedFile, C:\Users\voids\Documents\GitHub\orange\modules\HVSD 1\firmware\HVSD 1\MXTmpFiles\gpio.tmp_save
2023-06-11 14:41:13,480 [INFO] CodeEngine:257 - Generated code: C:\Users\voids\Documents\GitHub\orange\modules\HVSD 1\firmware\HVSD 1\MXTmpFiles\gpio.tmp
2023-06-11 14:41:15,012 [INFO] CodeEngine:239 - oldGeneratedFile, C:\Users\voids\Documents\GitHub\orange\modules\HVSD 1\firmware\HVSD 1\MXTmpFiles\dma.tmp_save
2023-06-11 14:41:15,342 [INFO] CodeEngine:257 - Generated code: C:\Users\voids\Documents\GitHub\orange\modules\HVSD 1\firmware\HVSD 1\MXTmpFiles\dma.tmp
2023-06-11 14:41:15,360 [INFO] CodeEngine:239 - oldGeneratedFile, C:\Users\voids\Documents\GitHub\orange\modules\HVSD 1\firmware\HVSD 1\MXTmpFiles\dma_GV.tmp_save
2023-06-11 14:41:15,524 [INFO] CodeEngine:257 - Generated code: C:\Users\voids\Documents\GitHub\orange\modules\HVSD 1\firmware\HVSD 1\MXTmpFiles\dma_GV.tmp
2023-06-11 14:41:15,644 [INFO] CodeEngine:239 - oldGeneratedFile, C:\Users\voids\Documents\GitHub\orange\modules\HVSD 1\firmware\HVSD 1\Core\Src\stm32f4xx_it.c_save
2023-06-11 14:41:16,141 [INFO] CodeEngine:257 - Generated code: C:\Users\voids\Documents\GitHub\orange\modules\HVSD 1\firmware\HVSD 1\Core\Src\stm32f4xx_it.c
2023-06-11 14:41:16,154 [INFO] CodeEngine:239 - oldGeneratedFile, C:\Users\voids\Documents\GitHub\orange\modules\HVSD 1\firmware\HVSD 1\Core\Inc\stm32f4xx_it.h_save
2023-06-11 14:41:16,509 [INFO] CodeEngine:257 - Generated code: C:\Users\voids\Documents\GitHub\orange\modules\HVSD 1\firmware\HVSD 1\Core\Inc\stm32f4xx_it.h
2023-06-11 14:41:16,595 [INFO] CodeEngine:239 - oldGeneratedFile, C:\Users\voids\Documents\GitHub\orange\modules\HVSD 1\firmware\HVSD 1\Core\Src\stm32f4xx_hal_msp.c_save
2023-06-11 14:41:17,128 [INFO] CodeEngine:257 - Generated code: C:\Users\voids\Documents\GitHub\orange\modules\HVSD 1\firmware\HVSD 1\Core\Src\stm32f4xx_hal_msp.c
2023-06-11 14:41:17,136 [INFO] CodeEngine:239 - oldGeneratedFile, C:\Users\voids\Documents\GitHub\orange\modules\HVSD 1\firmware\HVSD 1\MXTmpFiles\system.tmp_save
2023-06-11 14:41:17,367 [INFO] CodeEngine:257 - Generated code: C:\Users\voids\Documents\GitHub\orange\modules\HVSD 1\firmware\HVSD 1\MXTmpFiles\system.tmp
2023-06-11 14:41:17,414 [INFO] CodeEngine:239 - oldGeneratedFile, C:\Users\voids\Documents\GitHub\orange\modules\HVSD 1\firmware\HVSD 1\Core\Inc\stm32f4xx_hal_conf.h_save
2023-06-11 14:41:17,833 [INFO] CodeEngine:257 - Generated code: C:\Users\voids\Documents\GitHub\orange\modules\HVSD 1\firmware\HVSD 1\Core\Inc\stm32f4xx_hal_conf.h
2023-06-11 14:41:18,031 [WARN] IPConfigManager:3148 - IP not found : TIM
2023-06-11 14:41:18,033 [WARN] CodeGenerator:3268 - IP not found : null
2023-06-11 14:41:18,066 [INFO] CodeEngine:239 - oldGeneratedFile, C:\Users\voids\Documents\GitHub\orange\modules\HVSD 1\firmware\HVSD 1\Core\Inc\main.h_save
2023-06-11 14:41:18,385 [INFO] CodeEngine:257 - Generated code: C:\Users\voids\Documents\GitHub\orange\modules\HVSD 1\firmware\HVSD 1\Core\Inc\main.h
2023-06-11 14:41:18,447 [INFO] CodeEngine:239 - oldGeneratedFile, C:\Users\voids\Documents\GitHub\orange\modules\HVSD 1\firmware\HVSD 1\Core\Src\main.c_save
2023-06-11 14:41:18,914 [INFO] CodeEngine:257 - Generated code: C:\Users\voids\Documents\GitHub\orange\modules\HVSD 1\firmware\HVSD 1\Core\Src\main.c
2023-06-11 14:41:21,267 [INFO] ProjectBuilder:2578 - Time for Copy HAL[1] : 381mS.
2023-06-11 14:41:21,276 [INFO] ProjectBuilder:3622 - Project Generator version: 3.14.1
2023-06-11 14:41:22,261 [INFO] ConfigFileManager:1271 - The Die is : DIE463
2023-06-11 14:41:26,691 [INFO] ProjectBuilder:3789 - Time for Generating toolchain IDE Files: 5415mS.
2023-06-11 14:41:26,692 [INFO] ProjectBuilder:2457 - Time for Copy CMSIS : 1mS.
2023-06-11 14:41:26,709 [INFO] ProjectBuilder:2457 - Time for Copy CMSIS : 0mS.
2023-06-11 16:05:44,602 [INFO] Activator:177 - 


2023-06-11 16:05:44,604 [INFO] Activator:178 - !SESSION log4j initialized
